{"contracts/abstract/INXMMaster.sol":{"l":{},"path":"/w/nxm/contracts-dev/contracts/abstract/INXMMaster.sol","s":{},"b":{},"f":{},"fnMap":{},"statementMap":{},"branchMap":{}},"contracts/abstract/INXMToken.sol":{"l":{},"path":"/w/nxm/contracts-dev/contracts/abstract/INXMToken.sol","s":{},"b":{},"f":{},"fnMap":{},"statementMap":{},"branchMap":{}},"contracts/abstract/Iupgradable.sol":{"l":{"11":0,"12":0,"16":0,"17":0,"21":0,"22":0,"26":0,"27":0,"31":0,"32":0,"45":0,"46":0,"49":0,"50":0},"path":"/w/nxm/contracts-dev/contracts/abstract/Iupgradable.sol","s":{"1":0,"2":0,"3":0,"4":0,"5":0,"6":0,"7":0,"8":0,"9":0},"b":{"1":[0,0],"2":[0,0],"3":[0,0],"4":[0,0],"5":[0,0],"6":[0,0],"7":[0,0]},"f":{"1":0,"2":0,"3":0,"4":0,"5":0,"6":0},"fnMap":{"1":{"name":"onlyInternal","line":10,"loc":{"start":{"line":10,"column":2},"end":{"line":13,"column":2}}},"2":{"name":"isMemberAndcheckPause","line":15,"loc":{"start":{"line":15,"column":2},"end":{"line":18,"column":2}}},"3":{"name":"onlyOwner","line":20,"loc":{"start":{"line":20,"column":2},"end":{"line":23,"column":2}}},"4":{"name":"checkPause","line":25,"loc":{"start":{"line":25,"column":2},"end":{"line":28,"column":2}}},"5":{"name":"isMember","line":30,"loc":{"start":{"line":30,"column":2},"end":{"line":33,"column":2}}},"6":{"name":"changeMasterAddress","line":44,"loc":{"start":{"line":44,"column":2},"end":{"line":51,"column":2}}}},"statementMap":{"1":{"start":{"line":11,"column":4},"end":{"line":11,"column":37}},"2":{"start":{"line":16,"column":4},"end":{"line":16,"column":68}},"3":{"start":{"line":21,"column":4},"end":{"line":21,"column":34}},"4":{"start":{"line":26,"column":4},"end":{"line":26,"column":33}},"5":{"start":{"line":31,"column":4},"end":{"line":31,"column":49}},"6":{"start":{"line":45,"column":4},"end":{"line":45,"column":859}},"7":{"start":{"line":46,"column":6},"end":{"line":46,"column":53}},"8":{"start":{"line":49,"column":4},"end":{"line":49,"column":34}},"9":{"start":{"line":50,"column":4},"end":{"line":50,"column":35}}},"branchMap":{"1":{"line":11,"type":"if","locations":[{"start":{"line":11,"column":4},"end":{"line":11,"column":4}},{"start":{"line":11,"column":4},"end":{"line":11,"column":4}}]},"2":{"line":16,"type":"if","locations":[{"start":{"line":16,"column":4},"end":{"line":16,"column":4}},{"start":{"line":16,"column":4},"end":{"line":16,"column":4}}]},"3":{"line":21,"type":"if","locations":[{"start":{"line":21,"column":4},"end":{"line":21,"column":4}},{"start":{"line":21,"column":4},"end":{"line":21,"column":4}}]},"4":{"line":26,"type":"if","locations":[{"start":{"line":26,"column":4},"end":{"line":26,"column":4}},{"start":{"line":26,"column":4},"end":{"line":26,"column":4}}]},"5":{"line":31,"type":"if","locations":[{"start":{"line":31,"column":4},"end":{"line":31,"column":4}},{"start":{"line":31,"column":4},"end":{"line":31,"column":4}}]},"6":{"line":45,"type":"if","locations":[{"start":{"line":45,"column":4},"end":{"line":45,"column":4}},{"start":{"line":45,"column":4},"end":{"line":45,"column":4}}]},"7":{"line":46,"type":"if","locations":[{"start":{"line":46,"column":6},"end":{"line":46,"column":6}},{"start":{"line":46,"column":6},"end":{"line":46,"column":6}}]}}},"contracts/abstract/MasterAware.sol":{"l":{"27":0,"28":0,"32":0,"33":0,"37":0,"38":0,"40":0,"44":0,"48":0,"52":0,"53":0,"57":0,"58":0,"62":0},"path":"/w/nxm/contracts-dev/contracts/abstract/MasterAware.sol","s":{"1":0,"2":0,"3":0,"4":0,"5":0,"6":0,"7":0,"8":0},"b":{"1":[0,0],"2":[0,0],"3":[0,0],"4":[0,0],"5":[0,0],"6":[0,0],"7":[0,0]},"f":{"1":0,"2":0,"3":0,"4":0,"5":0,"6":0,"7":0},"fnMap":{"1":{"name":"onlyMember","line":26,"loc":{"start":{"line":26,"column":2},"end":{"line":29,"column":2}}},"2":{"name":"onlyInternal","line":31,"loc":{"start":{"line":31,"column":2},"end":{"line":34,"column":2}}},"3":{"name":"onlyMaster","line":36,"loc":{"start":{"line":36,"column":2},"end":{"line":41,"column":2}}},"4":{"name":"onlyGovernance","line":43,"loc":{"start":{"line":43,"column":2},"end":{"line":49,"column":2}}},"5":{"name":"whenPaused","line":51,"loc":{"start":{"line":51,"column":2},"end":{"line":54,"column":2}}},"6":{"name":"whenNotPaused","line":56,"loc":{"start":{"line":56,"column":2},"end":{"line":59,"column":2}}},"7":{"name":"changeMasterAddress","line":61,"loc":{"start":{"line":61,"column":2},"end":{"line":63,"column":2}}}},"statementMap":{"1":{"start":{"line":27,"column":4},"end":{"line":27,"column":65}},"2":{"start":{"line":32,"column":4},"end":{"line":32,"column":79}},"3":{"start":{"line":37,"column":4},"end":{"line":37,"column":1058}},"4":{"start":{"line":38,"column":6},"end":{"line":38,"column":57}},"5":{"start":{"line":44,"column":4},"end":{"line":44,"column":1205}},"6":{"start":{"line":52,"column":4},"end":{"line":52,"column":52}},"7":{"start":{"line":57,"column":4},"end":{"line":57,"column":49}},"8":{"start":{"line":62,"column":4},"end":{"line":62,"column":37}}},"branchMap":{"1":{"line":27,"type":"if","locations":[{"start":{"line":27,"column":4},"end":{"line":27,"column":4}},{"start":{"line":27,"column":4},"end":{"line":27,"column":4}}]},"2":{"line":32,"type":"if","locations":[{"start":{"line":32,"column":4},"end":{"line":32,"column":4}},{"start":{"line":32,"column":4},"end":{"line":32,"column":4}}]},"3":{"line":37,"type":"if","locations":[{"start":{"line":37,"column":4},"end":{"line":37,"column":4}},{"start":{"line":37,"column":4},"end":{"line":37,"column":4}}]},"4":{"line":38,"type":"if","locations":[{"start":{"line":38,"column":6},"end":{"line":38,"column":6}},{"start":{"line":38,"column":6},"end":{"line":38,"column":6}}]},"5":{"line":44,"type":"if","locations":[{"start":{"line":44,"column":4},"end":{"line":44,"column":4}},{"start":{"line":44,"column":4},"end":{"line":44,"column":4}}]},"6":{"line":52,"type":"if","locations":[{"start":{"line":52,"column":4},"end":{"line":52,"column":4}},{"start":{"line":52,"column":4},"end":{"line":52,"column":4}}]},"7":{"line":57,"type":"if","locations":[{"start":{"line":57,"column":4},"end":{"line":57,"column":4}},{"start":{"line":57,"column":4},"end":{"line":57,"column":4}}]}}},"contracts/interfaces/Exchange.sol":{"l":{},"path":"/w/nxm/contracts-dev/contracts/interfaces/Exchange.sol","s":{},"b":{},"f":{},"fnMap":{},"statementMap":{},"branchMap":{}},"contracts/interfaces/IClaimsReward.sol":{"l":{},"path":"/w/nxm/contracts-dev/contracts/interfaces/IClaimsReward.sol","s":{},"b":{},"f":{},"fnMap":{},"statementMap":{},"branchMap":{}},"contracts/interfaces/IMasterAware.sol":{"l":{},"path":"/w/nxm/contracts-dev/contracts/interfaces/IMasterAware.sol","s":{},"b":{},"f":{},"fnMap":{},"statementMap":{},"branchMap":{}},"contracts/interfaces/IMemberRoles.sol":{"l":{},"path":"/w/nxm/contracts-dev/contracts/interfaces/IMemberRoles.sol","s":{},"b":{},"f":{},"fnMap":{},"statementMap":{},"branchMap":{}},"contracts/interfaces/IPooledStaking.sol":{"l":{},"path":"/w/nxm/contracts-dev/contracts/interfaces/IPooledStaking.sol","s":{},"b":{},"f":{},"fnMap":{},"statementMap":{},"branchMap":{}},"contracts/interfaces/ITokenController.sol":{"l":{},"path":"/w/nxm/contracts-dev/contracts/interfaces/ITokenController.sol","s":{},"b":{},"f":{},"fnMap":{},"statementMap":{},"branchMap":{}},"contracts/interfaces/ITokenData.sol":{"l":{},"path":"/w/nxm/contracts-dev/contracts/interfaces/ITokenData.sol","s":{},"b":{},"f":{},"fnMap":{},"statementMap":{},"branchMap":{}},"contracts/interfaces/ITokenFunctions.sol":{"l":{},"path":"/w/nxm/contracts-dev/contracts/interfaces/ITokenFunctions.sol","s":{},"b":{},"f":{},"fnMap":{},"statementMap":{},"branchMap":{}},"contracts/modules/capital/MCR.sol":{"l":{"75":0,"76":0,"77":0,"79":0,"80":0,"83":0,"84":0,"91":0,"92":0,"93":0,"94":0,"95":0,"96":0,"97":0,"98":0,"99":0,"100":0,"101":0,"102":0,"105":0,"107":0,"115":0,"116":0,"117":0,"118":0,"119":0,"120":0,"121":0,"129":0,"130":0,"131":0,"132":0,"133":0,"135":0,"136":0,"148":0,"149":0,"150":0,"151":0,"152":0,"153":0,"154":0,"155":0,"156":0,"157":0,"160":0,"161":0,"162":0,"163":0,"164":0,"165":0,"183":0,"192":0,"193":0,"194":0,"198":0,"202":0,"207":0,"208":0,"209":0,"211":0,"213":0,"216":0,"217":0,"218":0,"219":0,"221":0,"223":0,"231":0,"232":0,"233":0,"234":0,"237":0,"239":0,"240":0,"241":0,"242":0,"243":0,"253":0,"254":0,"255":0,"259":0,"271":0,"272":0,"273":0,"277":0,"281":0,"290":0,"307":0,"308":0,"309":0,"310":0,"312":0,"313":0,"314":0,"315":0,"316":0,"317":0,"318":0,"319":0,"320":0,"338":0,"339":0,"340":0,"341":0,"342":0,"343":0,"346":0,"347":0,"357":0,"360":0,"361":0,"362":6,"363":0,"365":0,"367":0,"368":0,"371":0},"path":"/w/nxm/contracts-dev/contracts/modules/capital/MCR.sol","s":{"1":0,"2":0,"3":0,"4":0,"5":0,"6":0,"7":0,"8":0,"9":0,"10":0,"11":0,"12":0,"13":0,"14":0,"15":0,"16":0,"17":0,"18":0,"19":0,"20":0,"21":0,"22":0,"23":0,"24":0,"25":0,"26":0,"27":0,"28":0,"29":0,"30":0,"31":0,"32":0,"33":0,"34":0,"35":0,"36":0,"37":0,"38":0,"39":0,"40":0,"41":0,"42":0,"43":0,"44":0,"45":0,"46":0,"47":0,"48":0,"49":0,"50":0,"51":0,"52":0,"53":0,"54":0,"55":0,"56":0,"57":0,"58":0,"59":0,"60":0,"61":0,"62":0,"63":0,"64":0,"65":0,"66":0,"67":0,"68":0,"69":0,"70":0,"71":0,"72":0,"73":0,"74":0,"75":0,"76":0,"77":0,"78":0,"79":0,"80":0,"81":0,"82":0,"83":0,"84":0,"85":0,"86":0,"87":0,"88":0,"89":0,"90":0,"91":0,"92":0,"93":0,"94":0,"95":0,"96":0,"97":0,"98":0,"99":0,"100":0,"101":0,"102":0,"103":0,"104":0,"105":0,"106":0,"107":0,"108":0,"109":0,"110":0,"111":0,"112":0,"113":0,"114":0,"115":0,"116":0,"117":0,"118":0,"119":0,"120":0},"b":{"1":[0,0],"2":[0,0],"3":[0,0],"4":[0,0],"5":[0,0],"6":[0,0],"7":[0,0],"8":[0,0],"9":[0,0],"10":[0,0],"11":[0,0],"12":[0,0],"13":[0,0],"14":[0,0],"15":[0,0],"16":[0,0],"17":[0,0],"18":[0,0],"19":[0,0],"20":[0,0],"21":[0,0],"22":[0,0],"23":[0,0],"24":[0,0],"25":[0,0]},"f":{"1":0,"2":0,"3":0,"4":0,"5":0,"6":0,"7":0,"8":0,"9":0,"10":0,"11":0,"12":0,"13":0,"14":0,"15":0,"16":0},"fnMap":{"1":{"name":"addMCRData","line":73,"loc":{"start":{"line":64,"column":2},"end":{"line":85,"column":2}}},"2":{"name":"addLastMCRData","line":90,"loc":{"start":{"line":90,"column":2},"end":{"line":109,"column":2}}},"3":{"name":"changeDependentContractAddress","line":114,"loc":{"start":{"line":114,"column":2},"end":{"line":122,"column":2}}},"4":{"name":"getAllSumAssurance","line":128,"loc":{"start":{"line":128,"column":2},"end":{"line":139,"column":2}}},"5":{"name":"_calVtpAndMCRtp","line":147,"loc":{"start":{"line":147,"column":2},"end":{"line":167,"column":2}}},"6":{"name":"calculateStepTokenPrice","line":180,"loc":{"start":{"line":174,"column":2},"end":{"line":184,"column":2}}},"7":{"name":"calculateTokenPrice","line":191,"loc":{"start":{"line":191,"column":2},"end":{"line":195,"column":2}}},"8":{"name":"calVtpAndMCRtp","line":197,"loc":{"start":{"line":197,"column":2},"end":{"line":199,"column":2}}},"9":{"name":"calculateVtpAndMCRtp","line":201,"loc":{"start":{"line":201,"column":2},"end":{"line":203,"column":2}}},"10":{"name":"getThresholdValues","line":205,"loc":{"start":{"line":205,"column":2},"end":{"line":225,"column":2}}},"11":{"name":"getMaxSellTokens","line":230,"loc":{"start":{"line":230,"column":2},"end":{"line":244,"column":2}}},"12":{"name":"getUintParameters","line":252,"loc":{"start":{"line":252,"column":2},"end":{"line":263,"column":2}}},"13":{"name":"updateUintParameters","line":270,"loc":{"start":{"line":270,"column":2},"end":{"line":284,"column":2}}},"14":{"name":"_callOracliseForMCR","line":289,"loc":{"start":{"line":289,"column":2},"end":{"line":291,"column":2}}},"15":{"name":"_calculateTokenPrice","line":299,"loc":{"start":{"line":299,"column":2},"end":{"line":321,"column":2}}},"16":{"name":"_addMCRData","line":327,"loc":{"start":{"line":327,"column":2},"end":{"line":373,"column":2}}}},"statementMap":{"1":{"start":{"line":75,"column":4},"end":{"line":75,"column":47}},"2":{"start":{"line":76,"column":4},"end":{"line":76,"column":37}},"3":{"start":{"line":77,"column":4},"end":{"line":77,"column":2401}},"4":{"start":{"line":79,"column":6},"end":{"line":79,"column":2476}},"5":{"start":{"line":80,"column":8},"end":{"line":80,"column":26}},"6":{"start":{"line":83,"column":4},"end":{"line":83,"column":36}},"7":{"start":{"line":84,"column":4},"end":{"line":84,"column":65}},"8":{"start":{"line":91,"column":4},"end":{"line":91,"column":49}},"9":{"start":{"line":92,"column":4},"end":{"line":92,"column":36}},"10":{"start":{"line":93,"column":4},"end":{"line":93,"column":2847}},"11":{"start":{"line":94,"column":6},"end":{"line":94,"column":15}},"12":{"start":{"line":95,"column":6},"end":{"line":95,"column":15}},"13":{"start":{"line":96,"column":6},"end":{"line":96,"column":13}},"14":{"start":{"line":97,"column":6},"end":{"line":97,"column":40}},"15":{"start":{"line":98,"column":6},"end":{"line":98,"column":41}},"16":{"start":{"line":99,"column":6},"end":{"line":99,"column":41}},"17":{"start":{"line":100,"column":6},"end":{"line":100,"column":3064}},"18":{"start":{"line":101,"column":8},"end":{"line":101,"column":52}},"19":{"start":{"line":102,"column":8},"end":{"line":102,"column":62}},"20":{"start":{"line":105,"column":6},"end":{"line":105,"column":87}},"21":{"start":{"line":107,"column":6},"end":{"line":107,"column":26}},"22":{"start":{"line":115,"column":4},"end":{"line":115,"column":48}},"23":{"start":{"line":116,"column":4},"end":{"line":116,"column":40}},"24":{"start":{"line":117,"column":4},"end":{"line":117,"column":43}},"25":{"start":{"line":118,"column":4},"end":{"line":118,"column":35}},"26":{"start":{"line":119,"column":4},"end":{"line":119,"column":46}},"27":{"start":{"line":120,"column":4},"end":{"line":120,"column":44}},"28":{"start":{"line":121,"column":4},"end":{"line":121,"column":65}},"29":{"start":{"line":129,"column":4},"end":{"line":129,"column":39}},"30":{"start":{"line":130,"column":4},"end":{"line":130,"column":4096}},"31":{"start":{"line":131,"column":6},"end":{"line":131,"column":50}},"32":{"start":{"line":132,"column":6},"end":{"line":132,"column":4189}},"33":{"start":{"line":133,"column":8},"end":{"line":133,"column":59}},"34":{"start":{"line":135,"column":8},"end":{"line":135,"column":4397}},"35":{"start":{"line":136,"column":10},"end":{"line":136,"column":103}},"36":{"start":{"line":148,"column":4},"end":{"line":148,"column":10}},"37":{"start":{"line":149,"column":4},"end":{"line":149,"column":16}},"38":{"start":{"line":150,"column":4},"end":{"line":150,"column":23}},"39":{"start":{"line":151,"column":4},"end":{"line":151,"column":10}},"40":{"start":{"line":152,"column":4},"end":{"line":152,"column":4882}},"41":{"start":{"line":153,"column":6},"end":{"line":153,"column":50}},"42":{"start":{"line":154,"column":6},"end":{"line":154,"column":57}},"43":{"start":{"line":155,"column":6},"end":{"line":155,"column":46}},"44":{"start":{"line":156,"column":6},"end":{"line":156,"column":5169}},"45":{"start":{"line":157,"column":8},"end":{"line":157,"column":74}},"46":{"start":{"line":160,"column":4},"end":{"line":160,"column":65}},"47":{"start":{"line":161,"column":4},"end":{"line":161,"column":20}},"48":{"start":{"line":162,"column":4},"end":{"line":162,"column":14}},"49":{"start":{"line":163,"column":4},"end":{"line":163,"column":44}},"50":{"start":{"line":164,"column":4},"end":{"line":164,"column":5374}},"51":{"start":{"line":165,"column":6},"end":{"line":165,"column":46}},"52":{"start":{"line":183,"column":4},"end":{"line":183,"column":44}},"53":{"start":{"line":192,"column":4},"end":{"line":192,"column":14}},"54":{"start":{"line":193,"column":4},"end":{"line":193,"column":51}},"55":{"start":{"line":194,"column":4},"end":{"line":194,"column":44}},"56":{"start":{"line":198,"column":4},"end":{"line":198,"column":47}},"57":{"start":{"line":202,"column":4},"end":{"line":202,"column":39}},"58":{"start":{"line":207,"column":4},"end":{"line":207,"column":58}},"59":{"start":{"line":208,"column":4},"end":{"line":208,"column":18}},"60":{"start":{"line":209,"column":4},"end":{"line":209,"column":6624}},"61":{"start":{"line":211,"column":6},"end":{"line":211,"column":57}},"62":{"start":{"line":213,"column":6},"end":{"line":213,"column":56}},"63":{"start":{"line":216,"column":4},"end":{"line":216,"column":6845}},"64":{"start":{"line":217,"column":6},"end":{"line":217,"column":71}},"65":{"start":{"line":218,"column":6},"end":{"line":218,"column":6974}},"66":{"start":{"line":219,"column":8},"end":{"line":219,"column":37}},"67":{"start":{"line":221,"column":4},"end":{"line":221,"column":7026}},"68":{"start":{"line":223,"column":6},"end":{"line":223,"column":54}},"69":{"start":{"line":231,"column":4},"end":{"line":231,"column":52}},"70":{"start":{"line":232,"column":4},"end":{"line":232,"column":28}},"71":{"start":{"line":233,"column":4},"end":{"line":233,"column":7441}},"72":{"start":{"line":234,"column":6},"end":{"line":234,"column":7531}},"73":{"start":{"line":237,"column":4},"end":{"line":237,"column":7644}},"74":{"start":{"line":239,"column":4},"end":{"line":239,"column":42}},"75":{"start":{"line":240,"column":4},"end":{"line":240,"column":7851}},"76":{"start":{"line":241,"column":6},"end":{"line":241,"column":89}},"77":{"start":{"line":242,"column":4},"end":{"line":242,"column":7919}},"78":{"start":{"line":243,"column":6},"end":{"line":243,"column":36}},"79":{"start":{"line":253,"column":4},"end":{"line":253,"column":17}},"80":{"start":{"line":254,"column":4},"end":{"line":254,"column":8281}},"81":{"start":{"line":255,"column":6},"end":{"line":255,"column":37}},"82":{"start":{"line":257,"column":11},"end":{"line":257,"column":8355}},"83":{"start":{"line":259,"column":6},"end":{"line":259,"column":37}},"84":{"start":{"line":271,"column":4},"end":{"line":271,"column":48}},"85":{"start":{"line":272,"column":4},"end":{"line":272,"column":8684}},"86":{"start":{"line":273,"column":6},"end":{"line":273,"column":37}},"87":{"start":{"line":275,"column":11},"end":{"line":275,"column":8758}},"88":{"start":{"line":277,"column":6},"end":{"line":277,"column":37}},"89":{"start":{"line":281,"column":6},"end":{"line":281,"column":33}},"90":{"start":{"line":290,"column":4},"end":{"line":290,"column":31}},"91":{"start":{"line":307,"column":4},"end":{"line":307,"column":13}},"92":{"start":{"line":308,"column":4},"end":{"line":308,"column":13}},"93":{"start":{"line":309,"column":4},"end":{"line":309,"column":21}},"94":{"start":{"line":310,"column":4},"end":{"line":310,"column":48}},"95":{"start":{"line":312,"column":4},"end":{"line":312,"column":42}},"96":{"start":{"line":313,"column":4},"end":{"line":313,"column":51}},"97":{"start":{"line":314,"column":4},"end":{"line":314,"column":62}},"98":{"start":{"line":315,"column":4},"end":{"line":315,"column":38}},"99":{"start":{"line":316,"column":4},"end":{"line":316,"column":31}},"100":{"start":{"line":317,"column":4},"end":{"line":317,"column":86}},"101":{"start":{"line":318,"column":4},"end":{"line":318,"column":70}},"102":{"start":{"line":319,"column":4},"end":{"line":319,"column":49}},"103":{"start":{"line":320,"column":4},"end":{"line":320,"column":41}},"104":{"start":{"line":338,"column":4},"end":{"line":338,"column":16}},"105":{"start":{"line":339,"column":4},"end":{"line":339,"column":27}},"106":{"start":{"line":340,"column":4},"end":{"line":340,"column":27}},"107":{"start":{"line":341,"column":4},"end":{"line":341,"column":10441}},"108":{"start":{"line":342,"column":6},"end":{"line":342,"column":50}},"109":{"start":{"line":343,"column":6},"end":{"line":343,"column":102}},"110":{"start":{"line":346,"column":4},"end":{"line":346,"column":10781}},"111":{"start":{"line":347,"column":6},"end":{"line":347,"column":159}},"112":{"start":{"line":357,"column":4},"end":{"line":357,"column":11317}},"113":{"start":{"line":360,"column":6},"end":{"line":360,"column":30}},"114":{"start":{"line":361,"column":6},"end":{"line":361,"column":47}},"115":{"start":{"line":362,"column":6},"end":{"line":362,"column":11561}},"116":{"start":{"line":363,"column":8},"end":{"line":363,"column":51}},"117":{"start":{"line":365,"column":6},"end":{"line":365,"column":81}},"118":{"start":{"line":367,"column":6},"end":{"line":367,"column":11801}},"119":{"start":{"line":368,"column":8},"end":{"line":368,"column":28}},"120":{"start":{"line":371,"column":6},"end":{"line":371,"column":53}}},"branchMap":{"1":{"line":75,"type":"if","locations":[{"start":{"line":75,"column":4},"end":{"line":75,"column":4}},{"start":{"line":75,"column":4},"end":{"line":75,"column":4}}]},"2":{"line":76,"type":"if","locations":[{"start":{"line":76,"column":4},"end":{"line":76,"column":4}},{"start":{"line":76,"column":4},"end":{"line":76,"column":4}}]},"3":{"line":77,"type":"if","locations":[{"start":{"line":77,"column":4},"end":{"line":77,"column":4}},{"start":{"line":77,"column":4},"end":{"line":77,"column":4}}]},"4":{"line":79,"type":"if","locations":[{"start":{"line":79,"column":6},"end":{"line":79,"column":6}},{"start":{"line":79,"column":6},"end":{"line":79,"column":6}}]},"5":{"line":93,"type":"if","locations":[{"start":{"line":93,"column":4},"end":{"line":93,"column":4}},{"start":{"line":93,"column":4},"end":{"line":93,"column":4}}]},"6":{"line":132,"type":"if","locations":[{"start":{"line":132,"column":6},"end":{"line":132,"column":6}},{"start":{"line":132,"column":6},"end":{"line":132,"column":6}}]},"7":{"line":135,"type":"if","locations":[{"start":{"line":135,"column":8},"end":{"line":135,"column":8}},{"start":{"line":135,"column":8},"end":{"line":135,"column":8}}]},"8":{"line":156,"type":"if","locations":[{"start":{"line":156,"column":6},"end":{"line":156,"column":6}},{"start":{"line":156,"column":6},"end":{"line":156,"column":6}}]},"9":{"line":164,"type":"if","locations":[{"start":{"line":164,"column":4},"end":{"line":164,"column":4}},{"start":{"line":164,"column":4},"end":{"line":164,"column":4}}]},"10":{"line":209,"type":"if","locations":[{"start":{"line":209,"column":4},"end":{"line":209,"column":4}},{"start":{"line":209,"column":4},"end":{"line":209,"column":4}}]},"11":{"line":216,"type":"if","locations":[{"start":{"line":216,"column":4},"end":{"line":216,"column":4}},{"start":{"line":216,"column":4},"end":{"line":216,"column":4}}]},"12":{"line":218,"type":"if","locations":[{"start":{"line":218,"column":6},"end":{"line":218,"column":6}},{"start":{"line":218,"column":6},"end":{"line":218,"column":6}}]},"13":{"line":221,"type":"if","locations":[{"start":{"line":221,"column":4},"end":{"line":221,"column":4}},{"start":{"line":221,"column":4},"end":{"line":221,"column":4}}]},"14":{"line":233,"type":"if","locations":[{"start":{"line":233,"column":4},"end":{"line":233,"column":4}},{"start":{"line":233,"column":4},"end":{"line":233,"column":4}}]},"15":{"line":240,"type":"if","locations":[{"start":{"line":240,"column":4},"end":{"line":240,"column":4}},{"start":{"line":240,"column":4},"end":{"line":240,"column":4}}]},"16":{"line":242,"type":"if","locations":[{"start":{"line":242,"column":4},"end":{"line":242,"column":4}},{"start":{"line":242,"column":4},"end":{"line":242,"column":4}}]},"17":{"line":254,"type":"if","locations":[{"start":{"line":254,"column":4},"end":{"line":254,"column":4}},{"start":{"line":254,"column":4},"end":{"line":254,"column":4}}]},"18":{"line":257,"type":"if","locations":[{"start":{"line":257,"column":11},"end":{"line":257,"column":11}},{"start":{"line":257,"column":11},"end":{"line":257,"column":11}}]},"19":{"line":271,"type":"if","locations":[{"start":{"line":271,"column":4},"end":{"line":271,"column":4}},{"start":{"line":271,"column":4},"end":{"line":271,"column":4}}]},"20":{"line":272,"type":"if","locations":[{"start":{"line":272,"column":4},"end":{"line":272,"column":4}},{"start":{"line":272,"column":4},"end":{"line":272,"column":4}}]},"21":{"line":275,"type":"if","locations":[{"start":{"line":275,"column":11},"end":{"line":275,"column":11}},{"start":{"line":275,"column":11},"end":{"line":275,"column":11}}]},"22":{"line":341,"type":"if","locations":[{"start":{"line":341,"column":4},"end":{"line":341,"column":4}},{"start":{"line":341,"column":4},"end":{"line":341,"column":4}}]},"23":{"line":346,"type":"if","locations":[{"start":{"line":346,"column":4},"end":{"line":346,"column":4}},{"start":{"line":346,"column":4},"end":{"line":346,"column":4}}]},"24":{"line":357,"type":"if","locations":[{"start":{"line":357,"column":4},"end":{"line":357,"column":4}},{"start":{"line":357,"column":4},"end":{"line":357,"column":4}}]},"25":{"line":367,"type":"if","locations":[{"start":{"line":367,"column":6},"end":{"line":367,"column":6}},{"start":{"line":367,"column":6},"end":{"line":367,"column":6}}]}}},"contracts/modules/capital/NXMDSValue.sol":{"l":{"34":0,"35":0,"38":0,"42":0},"path":"/w/nxm/contracts-dev/contracts/modules/capital/NXMDSValue.sol","s":{"1":0,"2":0,"3":0,"4":0},"b":{"1":[0,0]},"f":{"1":0},"fnMap":{"1":{"name":"read","line":30,"loc":{"start":{"line":30,"column":2},"end":{"line":43,"column":2}}}},"statementMap":{"1":{"start":{"line":34,"column":4},"end":{"line":34,"column":82}},"2":{"start":{"line":35,"column":4},"end":{"line":35,"column":40}},"3":{"start":{"line":38,"column":4},"end":{"line":38,"column":57}},"4":{"start":{"line":42,"column":4},"end":{"line":42,"column":50}}},"branchMap":{"1":{"line":38,"type":"if","locations":[{"start":{"line":38,"column":4},"end":{"line":38,"column":4}},{"start":{"line":38,"column":4},"end":{"line":38,"column":4}}]}}},"contracts/modules/capital/Pool1.sol":{"l":{"47":0,"48":0,"49":0,"50":5,"74":0,"75":0,"76":0,"79":0,"81":0,"82":0,"84":0,"85":0,"88":0,"89":0,"90":5,"92":5,"93":0,"95":0,"97":0,"100":0,"107":0,"112":0,"113":0,"120":0,"121":0,"128":0,"130":0,"136":0,"137":0,"143":0,"144":0,"149":0,"150":0,"158":0,"159":0,"160":0,"162":0,"163":0,"164":0,"172":0,"173":0,"174":0,"175":0,"176":0,"177":0,"178":0,"179":0,"180":0,"203":0,"208":0,"209":0,"223":0,"224":0,"239":0,"240":0,"241":0,"246":0,"247":0,"248":0,"249":0,"257":0,"258":0,"269":0,"270":0,"271":0,"272":0,"273":0,"274":0,"275":0,"283":0,"284":0,"285":0,"286":0,"287":0,"288":0,"289":0,"290":0,"293":0,"302":0,"311":0,"318":0,"319":0,"320":12,"321":0,"331":0,"332":0,"333":0,"334":0,"335":0,"336":0,"337":0,"338":0,"339":0,"341":0,"342":0,"343":0,"344":0,"345":0,"346":0,"347":0,"349":0,"350":0,"351":0,"352":0,"353":0,"365":0,"366":0,"367":0,"368":0,"369":0,"370":0,"371":0,"372":0,"373":0,"374":0,"375":0,"377":0,"378":0,"379":0,"380":0,"381":0,"382":0,"383":0,"384":0,"386":0,"387":0,"388":0,"389":0,"390":0,"402":0,"403":30,"413":0,"414":0,"415":0,"416":0,"417":0,"419":0,"420":0,"421":0,"422":0,"423":0,"437":0,"438":0,"439":0,"459":0,"460":0,"462":0,"464":0},"path":"/w/nxm/contracts-dev/contracts/modules/capital/Pool1.sol","s":{"1":0,"2":0,"3":0,"4":0,"5":0,"6":0,"7":0,"8":0,"9":0,"10":0,"11":0,"12":0,"13":0,"14":0,"15":0,"16":0,"17":0,"18":0,"19":0,"20":0,"21":0,"22":0,"23":0,"24":0,"25":0,"26":0,"27":0,"28":0,"29":0,"30":0,"31":0,"32":0,"33":0,"34":0,"35":0,"36":0,"37":0,"38":0,"39":0,"40":0,"41":0,"42":0,"43":0,"44":0,"45":0,"46":0,"47":0,"48":0,"49":0,"50":0,"51":0,"52":0,"53":0,"54":0,"55":0,"56":0,"57":0,"58":0,"59":0,"60":0,"61":0,"62":0,"63":0,"64":0,"65":0,"66":0,"67":0,"68":0,"69":0,"70":0,"71":0,"72":0,"73":0,"74":0,"75":0,"76":0,"77":0,"78":0,"79":0,"80":0,"81":0,"82":0,"83":0,"84":0,"85":0,"86":0,"87":0,"88":0,"89":0,"90":0,"91":0,"92":0,"93":0,"94":0,"95":0,"96":0,"97":0,"98":0,"99":0,"100":0,"101":0,"102":0,"103":0,"104":0,"105":0,"106":0,"107":0,"108":0,"109":0,"110":0,"111":0,"112":0,"113":0,"114":0,"115":0,"116":0,"117":0,"118":0,"119":0,"120":0,"121":0,"122":0,"123":0,"124":0,"125":0,"126":0,"127":0,"128":0,"129":0,"130":0,"131":0,"132":0,"133":0,"134":0,"135":0,"136":0,"137":0,"138":0,"139":0,"140":0,"141":0,"142":0,"143":0,"144":0,"145":0,"146":0},"b":{"1":[0,0],"2":[0,0],"3":[0,0],"4":[0,0],"5":[0,0],"6":[0,0],"7":[0,0],"8":[0,0],"9":[0,0],"10":[0,0],"11":[0,0],"12":[0,0],"13":[0,0],"14":[0,0],"15":[0,0],"16":[0,0],"17":[0,0],"18":[0,0],"19":[0,0],"20":[0,0],"21":[0,0],"22":[0,0],"23":[0,0],"24":[0,0],"25":[0,0]},"f":{"1":0,"2":0,"3":0,"4":0,"5":0,"6":0,"7":0,"8":0,"9":0,"10":0,"11":0,"12":0,"13":0,"14":0,"15":0,"16":0,"17":0,"18":0,"19":0,"20":0,"21":0,"22":0,"23":0,"24":0,"25":0,"26":0,"27":0,"28":0,"29":0,"30":0},"fnMap":{"1":{"name":"noReentrancy","line":46,"loc":{"start":{"line":46,"column":2},"end":{"line":51,"column":2}}},"2":{"name":"","line":53,"loc":{"start":{"line":53,"column":2},"end":{"line":53,"column":31}}},"3":{"name":"sendClaimPayout","line":70,"loc":{"start":{"line":61,"column":2},"end":{"line":101,"column":2}}},"4":{"name":"triggerExternalLiquidityTrade","line":106,"loc":{"start":{"line":106,"column":2},"end":{"line":108,"column":2}}},"5":{"name":"closeEmergencyPause","line":111,"loc":{"start":{"line":111,"column":2},"end":{"line":114,"column":2}}},"6":{"name":"closeClaimsOraclise","line":119,"loc":{"start":{"line":119,"column":2},"end":{"line":122,"column":2}}},"7":{"name":"closeCoverOraclise","line":127,"loc":{"start":{"line":127,"column":2},"end":{"line":131,"column":2}}},"8":{"name":"mcrOraclise","line":135,"loc":{"start":{"line":135,"column":2},"end":{"line":138,"column":2}}},"9":{"name":"mcrOracliseFail","line":142,"loc":{"start":{"line":142,"column":2},"end":{"line":145,"column":2}}},"10":{"name":"saveIADetailsOracalise","line":148,"loc":{"start":{"line":148,"column":2},"end":{"line":151,"column":2}}},"11":{"name":"upgradeCapitalPool","line":157,"loc":{"start":{"line":157,"column":2},"end":{"line":166,"column":2}}},"12":{"name":"changeDependentContractAddress","line":171,"loc":{"start":{"line":171,"column":2},"end":{"line":181,"column":2}}},"13":{"name":"sendEther","line":183,"loc":{"start":{"line":183,"column":2},"end":{"line":185,"column":2}}},"14":{"name":"transferCurrencyAsset","line":199,"loc":{"start":{"line":193,"column":2},"end":{"line":204,"column":2}}},"15":{"name":"__callback","line":207,"loc":{"start":{"line":207,"column":2},"end":{"line":210,"column":2}}},"16":{"name":"makeCoverBegin","line":222,"loc":{"start":{"line":214,"column":2},"end":{"line":225,"column":2}}},"17":{"name":"makeCoverUsingCA","line":238,"loc":{"start":{"line":230,"column":2},"end":{"line":242,"column":2}}},"18":{"name":"buyToken","line":245,"loc":{"start":{"line":245,"column":2},"end":{"line":250,"column":2}}},"19":{"name":"transferEther","line":256,"loc":{"start":{"line":256,"column":2},"end":{"line":259,"column":2}}},"20":{"name":"sellNXMTokens","line":268,"loc":{"start":{"line":268,"column":2},"end":{"line":276,"column":2}}},"21":{"name":"getInvestmentAssetBalance","line":282,"loc":{"start":{"line":282,"column":2},"end":{"line":294,"column":2}}},"22":{"name":"getWei","line":301,"loc":{"start":{"line":301,"column":2},"end":{"line":303,"column":2}}},"23":{"name":"getToken","line":310,"loc":{"start":{"line":310,"column":2},"end":{"line":312,"column":2}}},"24":{"name":"_triggerExternalLiquidityTrade","line":317,"loc":{"start":{"line":317,"column":2},"end":{"line":323,"column":2}}},"25":{"name":"_getWei","line":330,"loc":{"start":{"line":330,"column":2},"end":{"line":356,"column":2}}},"26":{"name":"_getToken","line":364,"loc":{"start":{"line":364,"column":2},"end":{"line":393,"column":2}}},"27":{"name":"_saveApiDetails","line":401,"loc":{"start":{"line":401,"column":2},"end":{"line":404,"column":2}}},"28":{"name":"_transferCurrencyAsset","line":412,"loc":{"start":{"line":412,"column":2},"end":{"line":426,"column":2}}},"29":{"name":"_upgradeCapitalPool","line":431,"loc":{"start":{"line":431,"column":2},"end":{"line":440,"column":2}}},"30":{"name":"_oraclizeQuery","line":451,"loc":{"start":{"line":451,"column":2},"end":{"line":467,"column":2}}}},"statementMap":{"1":{"start":{"line":47,"column":4},"end":{"line":47,"column":38}},"2":{"start":{"line":48,"column":4},"end":{"line":48,"column":16}},"3":{"start":{"line":50,"column":4},"end":{"line":50,"column":17}},"4":{"start":{"line":74,"column":4},"end":{"line":74,"column":41}},"5":{"start":{"line":75,"column":4},"end":{"line":75,"column":14}},"6":{"start":{"line":76,"column":4},"end":{"line":76,"column":64}},"7":{"start":{"line":79,"column":4},"end":{"line":79,"column":2261}},"8":{"start":{"line":81,"column":6},"end":{"line":81,"column":37}},"9":{"start":{"line":82,"column":6},"end":{"line":82,"column":17}},"10":{"start":{"line":83,"column":11},"end":{"line":83,"column":2474}},"11":{"start":{"line":84,"column":6},"end":{"line":84,"column":44}},"12":{"start":{"line":85,"column":6},"end":{"line":85,"column":17}},"13":{"start":{"line":88,"column":4},"end":{"line":88,"column":2626}},"14":{"start":{"line":89,"column":6},"end":{"line":89,"column":36}},"15":{"start":{"line":90,"column":6},"end":{"line":90,"column":2748}},"16":{"start":{"line":92,"column":6},"end":{"line":92,"column":51}},"17":{"start":{"line":93,"column":6},"end":{"line":93,"column":16}},"18":{"start":{"line":95,"column":6},"end":{"line":95,"column":35}},"19":{"start":{"line":97,"column":4},"end":{"line":97,"column":35}},"20":{"start":{"line":100,"column":4},"end":{"line":100,"column":59}},"21":{"start":{"line":107,"column":4},"end":{"line":107,"column":35}},"22":{"start":{"line":112,"column":4},"end":{"line":112,"column":61}},"23":{"start":{"line":113,"column":4},"end":{"line":113,"column":33}},"24":{"start":{"line":120,"column":4},"end":{"line":120,"column":62}},"25":{"start":{"line":121,"column":4},"end":{"line":121,"column":35}},"26":{"start":{"line":128,"column":4},"end":{"line":128,"column":4227}},"27":{"start":{"line":130,"column":4},"end":{"line":130,"column":35}},"28":{"start":{"line":136,"column":4},"end":{"line":136,"column":93}},"29":{"start":{"line":137,"column":4},"end":{"line":137,"column":34}},"30":{"start":{"line":143,"column":4},"end":{"line":143,"column":62}},"31":{"start":{"line":144,"column":4},"end":{"line":144,"column":36}},"32":{"start":{"line":149,"column":4},"end":{"line":149,"column":99}},"33":{"start":{"line":150,"column":4},"end":{"line":150,"column":35}},"34":{"start":{"line":158,"column":4},"end":{"line":158,"column":5560}},"35":{"start":{"line":159,"column":6},"end":{"line":159,"column":48}},"36":{"start":{"line":160,"column":6},"end":{"line":160,"column":48}},"37":{"start":{"line":162,"column":4},"end":{"line":162,"column":5727}},"38":{"start":{"line":163,"column":6},"end":{"line":163,"column":41}},"39":{"start":{"line":164,"column":6},"end":{"line":164,"column":49}},"40":{"start":{"line":172,"column":4},"end":{"line":172,"column":38}},"41":{"start":{"line":173,"column":4},"end":{"line":173,"column":35}},"42":{"start":{"line":174,"column":4},"end":{"line":174,"column":49}},"43":{"start":{"line":175,"column":4},"end":{"line":175,"column":50}},"44":{"start":{"line":176,"column":4},"end":{"line":176,"column":43}},"45":{"start":{"line":177,"column":4},"end":{"line":177,"column":44}},"46":{"start":{"line":178,"column":4},"end":{"line":178,"column":40}},"47":{"start":{"line":179,"column":4},"end":{"line":179,"column":41}},"48":{"start":{"line":180,"column":4},"end":{"line":180,"column":44}},"49":{"start":{"line":203,"column":4},"end":{"line":203,"column":47}},"50":{"start":{"line":209,"column":4},"end":{"line":209,"column":28}},"51":{"start":{"line":223,"column":4},"end":{"line":223,"column":40}},"52":{"start":{"line":224,"column":4},"end":{"line":224,"column":97}},"53":{"start":{"line":239,"column":4},"end":{"line":239,"column":64}},"54":{"start":{"line":240,"column":4},"end":{"line":240,"column":93}},"55":{"start":{"line":241,"column":4},"end":{"line":241,"column":97}},"56":{"start":{"line":246,"column":4},"end":{"line":246,"column":25}},"57":{"start":{"line":247,"column":4},"end":{"line":247,"column":69}},"58":{"start":{"line":248,"column":4},"end":{"line":248,"column":38}},"59":{"start":{"line":249,"column":4},"end":{"line":249,"column":17}},"60":{"start":{"line":257,"column":4},"end":{"line":257,"column":76}},"61":{"start":{"line":258,"column":4},"end":{"line":258,"column":27}},"62":{"start":{"line":269,"column":4},"end":{"line":269,"column":69}},"63":{"start":{"line":270,"column":4},"end":{"line":270,"column":65}},"64":{"start":{"line":271,"column":4},"end":{"line":271,"column":80}},"65":{"start":{"line":272,"column":4},"end":{"line":272,"column":40}},"66":{"start":{"line":273,"column":4},"end":{"line":273,"column":35}},"67":{"start":{"line":274,"column":4},"end":{"line":274,"column":36}},"68":{"start":{"line":275,"column":4},"end":{"line":275,"column":17}},"69":{"start":{"line":283,"column":4},"end":{"line":283,"column":16}},"70":{"start":{"line":284,"column":4},"end":{"line":284,"column":19}},"71":{"start":{"line":285,"column":4},"end":{"line":285,"column":9808}},"72":{"start":{"line":286,"column":6},"end":{"line":286,"column":58}},"73":{"start":{"line":287,"column":6},"end":{"line":287,"column":59}},"74":{"start":{"line":288,"column":6},"end":{"line":288,"column":46}},"75":{"start":{"line":289,"column":6},"end":{"line":289,"column":10123}},"76":{"start":{"line":290,"column":8},"end":{"line":290,"column":82}},"77":{"start":{"line":293,"column":4},"end":{"line":293,"column":45}},"78":{"start":{"line":302,"column":4},"end":{"line":302,"column":26}},"79":{"start":{"line":311,"column":4},"end":{"line":311,"column":67}},"80":{"start":{"line":318,"column":4},"end":{"line":318,"column":10953}},"81":{"start":{"line":319,"column":6},"end":{"line":319,"column":38}},"82":{"start":{"line":320,"column":6},"end":{"line":320,"column":90}},"83":{"start":{"line":321,"column":6},"end":{"line":321,"column":36}},"84":{"start":{"line":331,"column":4},"end":{"line":331,"column":19}},"85":{"start":{"line":332,"column":4},"end":{"line":332,"column":16}},"86":{"start":{"line":333,"column":4},"end":{"line":333,"column":39}},"87":{"start":{"line":334,"column":4},"end":{"line":334,"column":12}},"88":{"start":{"line":335,"column":4},"end":{"line":335,"column":20}},"89":{"start":{"line":336,"column":4},"end":{"line":336,"column":14}},"90":{"start":{"line":337,"column":4},"end":{"line":337,"column":14}},"91":{"start":{"line":338,"column":4},"end":{"line":338,"column":44}},"92":{"start":{"line":339,"column":4},"end":{"line":339,"column":31}},"93":{"start":{"line":341,"column":4},"end":{"line":341,"column":11704}},"94":{"start":{"line":342,"column":6},"end":{"line":342,"column":46}},"95":{"start":{"line":343,"column":6},"end":{"line":343,"column":58}},"96":{"start":{"line":344,"column":6},"end":{"line":344,"column":49}},"97":{"start":{"line":345,"column":6},"end":{"line":345,"column":11905}},"98":{"start":{"line":346,"column":8},"end":{"line":346,"column":74}},"99":{"start":{"line":349,"column":8},"end":{"line":349,"column":61}},"100":{"start":{"line":350,"column":8},"end":{"line":350,"column":69}},"101":{"start":{"line":351,"column":8},"end":{"line":351,"column":83}},"102":{"start":{"line":352,"column":8},"end":{"line":352,"column":29}},"103":{"start":{"line":353,"column":8},"end":{"line":353,"column":39}},"104":{"start":{"line":365,"column":4},"end":{"line":365,"column":19}},"105":{"start":{"line":366,"column":4},"end":{"line":366,"column":51}},"106":{"start":{"line":367,"column":4},"end":{"line":367,"column":19}},"107":{"start":{"line":368,"column":4},"end":{"line":368,"column":22}},"108":{"start":{"line":369,"column":4},"end":{"line":369,"column":39}},"109":{"start":{"line":370,"column":4},"end":{"line":370,"column":12}},"110":{"start":{"line":371,"column":4},"end":{"line":371,"column":20}},"111":{"start":{"line":372,"column":4},"end":{"line":372,"column":14}},"112":{"start":{"line":373,"column":4},"end":{"line":373,"column":14}},"113":{"start":{"line":374,"column":4},"end":{"line":374,"column":44}},"114":{"start":{"line":375,"column":4},"end":{"line":375,"column":65}},"115":{"start":{"line":377,"column":4},"end":{"line":377,"column":76}},"116":{"start":{"line":378,"column":4},"end":{"line":378,"column":13059}},"117":{"start":{"line":379,"column":6},"end":{"line":379,"column":46}},"118":{"start":{"line":380,"column":6},"end":{"line":380,"column":58}},"119":{"start":{"line":381,"column":6},"end":{"line":381,"column":46}},"120":{"start":{"line":382,"column":6},"end":{"line":382,"column":13253}},"121":{"start":{"line":383,"column":8},"end":{"line":383,"column":46}},"122":{"start":{"line":386,"column":8},"end":{"line":386,"column":67}},"123":{"start":{"line":387,"column":8},"end":{"line":387,"column":69}},"124":{"start":{"line":388,"column":8},"end":{"line":388,"column":70}},"125":{"start":{"line":389,"column":8},"end":{"line":389,"column":53}},"126":{"start":{"line":390,"column":8},"end":{"line":390,"column":88}},"127":{"start":{"line":402,"column":4},"end":{"line":402,"column":39}},"128":{"start":{"line":403,"column":4},"end":{"line":403,"column":27}},"129":{"start":{"line":413,"column":4},"end":{"line":413,"column":14490}},"130":{"start":{"line":414,"column":6},"end":{"line":414,"column":14553}},"131":{"start":{"line":415,"column":8},"end":{"line":415,"column":38}},"132":{"start":{"line":416,"column":6},"end":{"line":416,"column":32}},"133":{"start":{"line":417,"column":6},"end":{"line":417,"column":16}},"134":{"start":{"line":419,"column":6},"end":{"line":419,"column":62}},"135":{"start":{"line":420,"column":6},"end":{"line":420,"column":14803}},"136":{"start":{"line":421,"column":8},"end":{"line":421,"column":47}},"137":{"start":{"line":422,"column":6},"end":{"line":422,"column":50}},"138":{"start":{"line":423,"column":6},"end":{"line":423,"column":16}},"139":{"start":{"line":437,"column":4},"end":{"line":437,"column":60}},"140":{"start":{"line":438,"column":4},"end":{"line":438,"column":15272}},"141":{"start":{"line":439,"column":6},"end":{"line":439,"column":77}},"142":{"start":{"line":459,"column":4},"end":{"line":459,"column":15774}},"143":{"start":{"line":460,"column":6},"end":{"line":460,"column":62}},"144":{"start":{"line":461,"column":11},"end":{"line":461,"column":15873}},"145":{"start":{"line":462,"column":6},"end":{"line":462,"column":52}},"146":{"start":{"line":464,"column":6},"end":{"line":464,"column":41}}},"branchMap":{"1":{"line":47,"type":"if","locations":[{"start":{"line":47,"column":4},"end":{"line":47,"column":4}},{"start":{"line":47,"column":4},"end":{"line":47,"column":4}}]},"2":{"line":79,"type":"if","locations":[{"start":{"line":79,"column":4},"end":{"line":79,"column":4}},{"start":{"line":79,"column":4},"end":{"line":79,"column":4}}]},"3":{"line":83,"type":"if","locations":[{"start":{"line":83,"column":11},"end":{"line":83,"column":11}},{"start":{"line":83,"column":11},"end":{"line":83,"column":11}}]},"4":{"line":88,"type":"if","locations":[{"start":{"line":88,"column":4},"end":{"line":88,"column":4}},{"start":{"line":88,"column":4},"end":{"line":88,"column":4}}]},"5":{"line":162,"type":"if","locations":[{"start":{"line":162,"column":4},"end":{"line":162,"column":4}},{"start":{"line":162,"column":4},"end":{"line":162,"column":4}}]},"6":{"line":223,"type":"if","locations":[{"start":{"line":223,"column":4},"end":{"line":223,"column":4}},{"start":{"line":223,"column":4},"end":{"line":223,"column":4}}]},"7":{"line":240,"type":"if","locations":[{"start":{"line":240,"column":4},"end":{"line":240,"column":4}},{"start":{"line":240,"column":4},"end":{"line":240,"column":4}}]},"8":{"line":246,"type":"if","locations":[{"start":{"line":246,"column":4},"end":{"line":246,"column":4}},{"start":{"line":246,"column":4},"end":{"line":246,"column":4}}]},"9":{"line":257,"type":"if","locations":[{"start":{"line":257,"column":4},"end":{"line":257,"column":4}},{"start":{"line":257,"column":4},"end":{"line":257,"column":4}}]},"10":{"line":269,"type":"if","locations":[{"start":{"line":269,"column":4},"end":{"line":269,"column":4}},{"start":{"line":269,"column":4},"end":{"line":269,"column":4}}]},"11":{"line":270,"type":"if","locations":[{"start":{"line":270,"column":4},"end":{"line":270,"column":4}},{"start":{"line":270,"column":4},"end":{"line":270,"column":4}}]},"12":{"line":271,"type":"if","locations":[{"start":{"line":271,"column":4},"end":{"line":271,"column":4}},{"start":{"line":271,"column":4},"end":{"line":271,"column":4}}]},"13":{"line":289,"type":"if","locations":[{"start":{"line":289,"column":6},"end":{"line":289,"column":6}},{"start":{"line":289,"column":6},"end":{"line":289,"column":6}}]},"14":{"line":318,"type":"if","locations":[{"start":{"line":318,"column":4},"end":{"line":318,"column":4}},{"start":{"line":318,"column":4},"end":{"line":318,"column":4}}]},"15":{"line":345,"type":"if","locations":[{"start":{"line":345,"column":6},"end":{"line":345,"column":6}},{"start":{"line":345,"column":6},"end":{"line":345,"column":6}}]},"16":{"line":377,"type":"if","locations":[{"start":{"line":377,"column":4},"end":{"line":377,"column":4}},{"start":{"line":377,"column":4},"end":{"line":377,"column":4}}]},"17":{"line":382,"type":"if","locations":[{"start":{"line":382,"column":6},"end":{"line":382,"column":6}},{"start":{"line":382,"column":6},"end":{"line":382,"column":6}}]},"18":{"line":413,"type":"if","locations":[{"start":{"line":413,"column":4},"end":{"line":413,"column":4}},{"start":{"line":413,"column":4},"end":{"line":413,"column":4}}]},"19":{"line":414,"type":"if","locations":[{"start":{"line":414,"column":6},"end":{"line":414,"column":6}},{"start":{"line":414,"column":6},"end":{"line":414,"column":6}}]},"20":{"line":420,"type":"if","locations":[{"start":{"line":420,"column":6},"end":{"line":420,"column":6}},{"start":{"line":420,"column":6},"end":{"line":420,"column":6}}]},"21":{"line":422,"type":"if","locations":[{"start":{"line":422,"column":6},"end":{"line":422,"column":6}},{"start":{"line":422,"column":6},"end":{"line":422,"column":6}}]},"22":{"line":438,"type":"if","locations":[{"start":{"line":438,"column":4},"end":{"line":438,"column":4}},{"start":{"line":438,"column":4},"end":{"line":438,"column":4}}]},"23":{"line":439,"type":"if","locations":[{"start":{"line":439,"column":6},"end":{"line":439,"column":6}},{"start":{"line":439,"column":6},"end":{"line":439,"column":6}}]},"24":{"line":459,"type":"if","locations":[{"start":{"line":459,"column":4},"end":{"line":459,"column":4}},{"start":{"line":459,"column":4},"end":{"line":459,"column":4}}]},"25":{"line":461,"type":"if","locations":[{"start":{"line":461,"column":11},"end":{"line":461,"column":11}},{"start":{"line":461,"column":11},"end":{"line":461,"column":11}}]}}},"contracts/modules/capital/Pool2.sol":{"l":{"36":6,"37":0,"47":0,"48":0,"49":0,"50":13,"60":0,"61":0,"69":0,"70":0,"71":0,"72":0,"75":0,"76":0,"77":0,"87":0,"88":0,"89":0,"90":0,"91":0,"93":0,"94":0,"96":0,"109":0,"110":0,"111":0,"112":0,"114":0,"115":0,"116":0,"117":6,"118":6,"119":0,"120":0,"122":0,"123":0,"124":0,"133":0,"134":0,"135":0,"136":0,"137":0,"138":0,"139":0,"140":0,"141":0,"142":0,"145":0,"146":0,"147":0,"148":0,"149":0,"150":0,"152":0,"153":0,"154":0,"156":0,"157":0,"160":0,"161":0,"170":0,"171":0,"172":0,"183":0,"184":0,"186":0,"187":0,"201":0,"202":0,"203":0,"204":0,"206":0,"207":0,"208":0,"209":0,"225":0,"226":0,"227":0,"228":0,"230":0,"231":0,"232":0,"233":0,"235":0,"238":0,"239":0,"240":0,"241":0,"242":0,"243":0,"245":0,"246":0,"247":0,"248":0,"252":0,"254":0,"271":0,"272":0,"273":0,"274":0,"275":0,"276":0,"277":0,"278":0,"279":0,"280":0,"281":0,"301":0,"302":0,"303":0,"304":0,"306":0,"307":0,"308":0,"309":0,"310":0,"330":0,"331":0,"332":0,"333":0,"334":0,"335":0,"336":0,"337":0,"338":0,"339":0,"340":0,"341":0,"342":0,"343":0,"344":12,"345":12,"347":0,"348":0,"349":12,"350":12,"362":0,"363":0,"365":0,"366":0,"375":0,"378":0,"379":0,"381":0,"383":0,"393":0,"394":0,"396":0,"398":0,"399":0,"400":0,"402":0,"403":0,"405":0,"425":0,"426":0,"427":0,"428":0,"429":0,"430":0,"433":0,"434":0,"435":0,"436":0,"438":0,"439":0,"442":0,"443":0,"444":0,"446":0,"447":0,"448":0,"449":0,"450":0,"452":0,"454":0,"456":0,"460":0,"461":0,"463":0,"464":0,"465":0,"466":0,"469":0,"472":0,"473":0,"474":0,"475":0,"477":0,"478":0,"479":0,"481":0,"503":0,"504":0,"505":0,"507":0,"508":0,"510":0,"511":0,"514":0,"515":0,"517":0,"518":0,"521":0,"522":0,"523":0,"526":0,"527":0,"532":0,"533":0,"534":0,"535":0,"536":0,"538":0,"539":0,"541":0,"544":0,"545":0,"546":0,"547":0,"548":0,"549":0,"551":0,"553":0,"554":0,"556":0,"559":0,"561":0,"562":0,"563":0,"564":0,"565":0,"568":0,"569":0,"570":0,"585":0,"586":0,"587":0},"path":"/w/nxm/contracts-dev/contracts/modules/capital/Pool2.sol","s":{"1":6,"2":6,"3":0,"4":0,"5":0,"6":0,"7":0,"8":0,"9":0,"10":0,"11":0,"12":0,"13":0,"14":0,"15":0,"16":0,"17":0,"18":0,"19":0,"20":0,"21":0,"22":0,"23":0,"24":0,"25":0,"26":0,"27":0,"28":0,"29":0,"30":0,"31":0,"32":0,"33":0,"34":0,"35":0,"36":0,"37":0,"38":0,"39":0,"40":0,"41":0,"42":0,"43":0,"44":0,"45":0,"46":0,"47":0,"48":0,"49":0,"50":0,"51":0,"52":0,"53":0,"54":0,"55":0,"56":0,"57":0,"58":0,"59":0,"60":0,"61":0,"62":0,"63":0,"64":0,"65":0,"66":0,"67":0,"68":0,"69":0,"70":0,"71":0,"72":0,"73":0,"74":0,"75":0,"76":0,"77":0,"78":0,"79":0,"80":0,"81":0,"82":0,"83":0,"84":0,"85":0,"86":0,"87":0,"88":0,"89":0,"90":0,"91":0,"92":0,"93":0,"94":0,"95":0,"96":0,"97":0,"98":0,"99":0,"100":0,"101":0,"102":0,"103":0,"104":0,"105":0,"106":0,"107":0,"108":0,"109":0,"110":0,"111":0,"112":0,"113":0,"114":0,"115":0,"116":0,"117":0,"118":0,"119":0,"120":0,"121":0,"122":0,"123":0,"124":0,"125":0,"126":0,"127":0,"128":0,"129":0,"130":0,"131":0,"132":0,"133":0,"134":0,"135":0,"136":0,"137":0,"138":0,"139":0,"140":0,"141":0,"142":0,"143":0,"144":0,"145":0,"146":0,"147":0,"148":0,"149":0,"150":0,"151":0,"152":0,"153":0,"154":0,"155":0,"156":0,"157":0,"158":0,"159":0,"160":0,"161":0,"162":0,"163":0,"164":0,"165":0,"166":0,"167":0,"168":0,"169":0,"170":0,"171":0,"172":0,"173":0,"174":0,"175":0,"176":0,"177":0,"178":0,"179":0,"180":0,"181":0,"182":0,"183":0,"184":0,"185":0,"186":0,"187":0,"188":0,"189":0,"190":0,"191":0,"192":0,"193":0,"194":0,"195":0,"196":0,"197":0,"198":0,"199":0,"200":0,"201":0,"202":0,"203":0,"204":0,"205":0,"206":0,"207":0,"208":0,"209":0,"210":0,"211":0,"212":0,"213":0,"214":0,"215":0,"216":0,"217":0,"218":0,"219":0,"220":0,"221":0,"222":0,"223":0,"224":0,"225":0,"226":0,"227":0,"228":0,"229":0,"230":0,"231":0,"232":0,"233":0,"234":0,"235":0,"236":0,"237":0,"238":0,"239":0,"240":0,"241":0,"242":0,"243":0,"244":0,"245":0},"b":{"1":[0,0],"2":[0,0],"3":[0,0],"4":[0,0],"5":[0,0],"6":[0,0],"7":[0,0],"8":[0,0],"9":[0,0],"10":[0,0],"11":[0,0],"12":[0,0],"13":[0,0],"14":[0,0],"15":[0,0],"16":[0,0],"17":[0,0],"18":[0,0],"19":[0,0],"20":[0,0],"21":[0,0],"22":[0,0],"23":[0,0],"24":[0,0],"25":[0,0],"26":[0,0],"27":[0,0],"28":[0,0],"29":[0,0],"30":[0,0],"31":[0,0],"32":[0,0],"33":[0,0],"34":[0,0],"35":[0,0],"36":[0,0],"37":[0,0],"38":[0,0],"39":[0,0],"40":[0,0],"41":[0,0],"42":[0,0],"43":[0,0],"44":[0,0],"45":[0,0],"46":[0,0],"47":[0,0],"48":[0,0]},"f":{"1":0,"2":0,"3":0,"4":0,"5":0,"6":0,"7":0,"8":0,"9":0,"10":0,"11":0,"12":0,"13":0,"14":0,"15":0,"16":0,"17":0,"18":0,"19":0,"20":0,"21":0,"22":0},"fnMap":{"1":{"name":"constructor","line":34,"loc":{"start":{"line":34,"column":2},"end":{"line":38,"column":2}}},"2":{"name":"","line":40,"loc":{"start":{"line":40,"column":2},"end":{"line":40,"column":31}}},"3":{"name":"noReentrancy","line":46,"loc":{"start":{"line":46,"column":2},"end":{"line":51,"column":2}}},"4":{"name":"changeUniswapFactoryAddress","line":58,"loc":{"start":{"line":58,"column":2},"end":{"line":62,"column":2}}},"5":{"name":"upgradeInvestmentPool","line":68,"loc":{"start":{"line":68,"column":2},"end":{"line":79,"column":2}}},"6":{"name":"internalLiquiditySwap","line":86,"loc":{"start":{"line":86,"column":2},"end":{"line":99,"column":2}}},"7":{"name":"saveIADetails","line":108,"loc":{"start":{"line":107,"column":2},"end":{"line":125,"column":2}}},"8":{"name":"externalLiquidityTrade","line":131,"loc":{"start":{"line":131,"column":2},"end":{"line":164,"column":2}}},"9":{"name":"changeDependentContractAddress","line":169,"loc":{"start":{"line":169,"column":2},"end":{"line":173,"column":2}}},"10":{"name":"sendEther","line":175,"loc":{"start":{"line":175,"column":2},"end":{"line":177,"column":2}}},"11":{"name":"_getCurrencyAssetsBalance","line":182,"loc":{"start":{"line":182,"column":2},"end":{"line":189,"column":2}}},"12":{"name":"_transferInvestmentAsset","line":194,"loc":{"start":{"line":194,"column":2},"end":{"line":211,"column":2}}},"13":{"name":"_rebalancingLiquidityTrading","line":223,"loc":{"start":{"line":218,"column":2},"end":{"line":256,"column":2}}},"14":{"name":"_checkTradeConditions","line":262,"loc":{"start":{"line":262,"column":2},"end":{"line":286,"column":2}}},"15":{"name":"_getIARank","line":291,"loc":{"start":{"line":291,"column":2},"end":{"line":312,"column":2}}},"16":{"name":"_calculateIARank","line":317,"loc":{"start":{"line":317,"column":2},"end":{"line":354,"column":2}}},"17":{"name":"_getInvestmentAssetBalance","line":361,"loc":{"start":{"line":361,"column":2},"end":{"line":368,"column":2}}},"18":{"name":"_internalExcessLiquiditySwap","line":373,"loc":{"start":{"line":373,"column":2},"end":{"line":385,"column":2}}},"19":{"name":"_internalInsufficientLiquiditySwap","line":391,"loc":{"start":{"line":391,"column":2},"end":{"line":408,"column":2}}},"20":{"name":"_externalExcessLiquiditySwap","line":417,"loc":{"start":{"line":417,"column":2},"end":{"line":485,"column":2}}},"21":{"name":"_externalInsufficientLiquiditySwap","line":494,"loc":{"start":{"line":494,"column":2},"end":{"line":574,"column":2}}},"22":{"name":"_upgradeInvestmentPool","line":579,"loc":{"start":{"line":579,"column":2},"end":{"line":588,"column":2}}}},"statementMap":{"1":{"start":{"line":36,"column":4},"end":{"line":36,"column":45}},"2":{"start":{"line":37,"column":4},"end":{"line":37,"column":40}},"3":{"start":{"line":47,"column":4},"end":{"line":47,"column":38}},"4":{"start":{"line":48,"column":4},"end":{"line":48,"column":16}},"5":{"start":{"line":50,"column":4},"end":{"line":50,"column":17}},"6":{"start":{"line":60,"column":4},"end":{"line":60,"column":44}},"7":{"start":{"line":61,"column":4},"end":{"line":61,"column":43}},"8":{"start":{"line":69,"column":4},"end":{"line":69,"column":44}},"9":{"start":{"line":70,"column":4},"end":{"line":70,"column":2321}},"10":{"start":{"line":71,"column":6},"end":{"line":71,"column":56}},"11":{"start":{"line":72,"column":6},"end":{"line":72,"column":51}},"12":{"start":{"line":75,"column":4},"end":{"line":75,"column":2479}},"13":{"start":{"line":76,"column":6},"end":{"line":76,"column":41}},"14":{"start":{"line":77,"column":6},"end":{"line":77,"column":49}},"15":{"start":{"line":87,"column":4},"end":{"line":87,"column":18}},"16":{"start":{"line":88,"column":4},"end":{"line":88,"column":16}},"17":{"start":{"line":89,"column":4},"end":{"line":89,"column":15}},"18":{"start":{"line":90,"column":4},"end":{"line":90,"column":57}},"19":{"start":{"line":91,"column":4},"end":{"line":91,"column":46}},"20":{"start":{"line":93,"column":4},"end":{"line":93,"column":3037}},"21":{"start":{"line":94,"column":6},"end":{"line":94,"column":67}},"22":{"start":{"line":95,"column":11},"end":{"line":95,"column":3170}},"23":{"start":{"line":96,"column":6},"end":{"line":96,"column":73}},"24":{"start":{"line":109,"column":4},"end":{"line":109,"column":18}},"25":{"start":{"line":110,"column":4},"end":{"line":110,"column":18}},"26":{"start":{"line":111,"column":4},"end":{"line":111,"column":18}},"27":{"start":{"line":112,"column":4},"end":{"line":112,"column":18}},"28":{"start":{"line":114,"column":4},"end":{"line":114,"column":37}},"29":{"start":{"line":115,"column":4},"end":{"line":115,"column":70}},"30":{"start":{"line":116,"column":4},"end":{"line":116,"column":65}},"31":{"start":{"line":117,"column":4},"end":{"line":117,"column":26}},"32":{"start":{"line":118,"column":4},"end":{"line":118,"column":26}},"33":{"start":{"line":119,"column":4},"end":{"line":119,"column":4027}},"34":{"start":{"line":120,"column":6},"end":{"line":120,"column":41}},"35":{"start":{"line":122,"column":4},"end":{"line":122,"column":4162}},"36":{"start":{"line":123,"column":6},"end":{"line":123,"column":51}},"37":{"start":{"line":124,"column":4},"end":{"line":124,"column":46}},"38":{"start":{"line":133,"column":4},"end":{"line":133,"column":21}},"39":{"start":{"line":134,"column":4},"end":{"line":134,"column":15}},"40":{"start":{"line":135,"column":4},"end":{"line":135,"column":20}},"41":{"start":{"line":136,"column":4},"end":{"line":136,"column":20}},"42":{"start":{"line":137,"column":4},"end":{"line":137,"column":15}},"43":{"start":{"line":138,"column":4},"end":{"line":138,"column":18}},"44":{"start":{"line":139,"column":4},"end":{"line":139,"column":18}},"45":{"start":{"line":140,"column":4},"end":{"line":140,"column":16}},"46":{"start":{"line":141,"column":4},"end":{"line":141,"column":15}},"47":{"start":{"line":142,"column":4},"end":{"line":142,"column":18}},"48":{"start":{"line":145,"column":4},"end":{"line":145,"column":93}},"49":{"start":{"line":146,"column":4},"end":{"line":146,"column":39}},"50":{"start":{"line":147,"column":4},"end":{"line":147,"column":4766}},"51":{"start":{"line":148,"column":6},"end":{"line":148,"column":38}},"52":{"start":{"line":149,"column":6},"end":{"line":149,"column":59}},"53":{"start":{"line":150,"column":6},"end":{"line":150,"column":48}},"54":{"start":{"line":152,"column":6},"end":{"line":152,"column":4964}},"55":{"start":{"line":153,"column":8},"end":{"line":153,"column":74}},"56":{"start":{"line":154,"column":8},"end":{"line":154,"column":75}},"57":{"start":{"line":155,"column":13},"end":{"line":155,"column":5205}},"58":{"start":{"line":156,"column":8},"end":{"line":156,"column":76}},"59":{"start":{"line":157,"column":8},"end":{"line":157,"column":81}},"60":{"start":{"line":160,"column":6},"end":{"line":160,"column":5443}},"61":{"start":{"line":161,"column":8},"end":{"line":161,"column":41}},"62":{"start":{"line":170,"column":4},"end":{"line":170,"column":38}},"63":{"start":{"line":171,"column":4},"end":{"line":171,"column":43}},"64":{"start":{"line":172,"column":4},"end":{"line":172,"column":40}},"65":{"start":{"line":183,"column":4},"end":{"line":183,"column":6018}},"66":{"start":{"line":184,"column":6},"end":{"line":184,"column":36}},"67":{"start":{"line":186,"column":6},"end":{"line":186,"column":62}},"68":{"start":{"line":187,"column":6},"end":{"line":187,"column":45}},"69":{"start":{"line":201,"column":4},"end":{"line":201,"column":6422}},"70":{"start":{"line":202,"column":6},"end":{"line":202,"column":6485}},"71":{"start":{"line":203,"column":8},"end":{"line":203,"column":38}},"72":{"start":{"line":204,"column":6},"end":{"line":204,"column":32}},"73":{"start":{"line":206,"column":6},"end":{"line":206,"column":64}},"74":{"start":{"line":207,"column":6},"end":{"line":207,"column":6694}},"75":{"start":{"line":208,"column":8},"end":{"line":208,"column":47}},"76":{"start":{"line":209,"column":6},"end":{"line":209,"column":50}},"77":{"start":{"line":225,"column":4},"end":{"line":225,"column":21}},"78":{"start":{"line":226,"column":4},"end":{"line":226,"column":41}},"79":{"start":{"line":227,"column":4},"end":{"line":227,"column":24}},"80":{"start":{"line":228,"column":4},"end":{"line":228,"column":37}},"81":{"start":{"line":230,"column":4},"end":{"line":230,"column":61}},"82":{"start":{"line":231,"column":4},"end":{"line":231,"column":21}},"83":{"start":{"line":232,"column":4},"end":{"line":232,"column":7288}},"84":{"start":{"line":233,"column":6},"end":{"line":233,"column":7382}},"85":{"start":{"line":235,"column":6},"end":{"line":235,"column":7500}},"86":{"start":{"line":238,"column":6},"end":{"line":238,"column":7577}},"87":{"start":{"line":239,"column":8},"end":{"line":239,"column":85}},"88":{"start":{"line":240,"column":8},"end":{"line":240,"column":71}},"89":{"start":{"line":241,"column":8},"end":{"line":241,"column":7827}},"90":{"start":{"line":242,"column":10},"end":{"line":242,"column":75}},"91":{"start":{"line":243,"column":10},"end":{"line":243,"column":94}},"92":{"start":{"line":245,"column":8},"end":{"line":245,"column":20}},"93":{"start":{"line":246,"column":8},"end":{"line":246,"column":57}},"94":{"start":{"line":247,"column":8},"end":{"line":247,"column":53}},"95":{"start":{"line":248,"column":8},"end":{"line":248,"column":8298}},"96":{"start":{"line":250,"column":13},"end":{"line":250,"column":8398}},"97":{"start":{"line":252,"column":8},"end":{"line":252,"column":80}},"98":{"start":{"line":254,"column":6},"end":{"line":254,"column":44}},"99":{"start":{"line":271,"column":4},"end":{"line":271,"column":8885}},"100":{"start":{"line":272,"column":6},"end":{"line":272,"column":72}},"101":{"start":{"line":273,"column":6},"end":{"line":273,"column":8985}},"102":{"start":{"line":274,"column":8},"end":{"line":274,"column":18}},"103":{"start":{"line":275,"column":8},"end":{"line":275,"column":18}},"104":{"start":{"line":276,"column":8},"end":{"line":276,"column":24}},"105":{"start":{"line":277,"column":8},"end":{"line":277,"column":14}},"106":{"start":{"line":278,"column":8},"end":{"line":278,"column":62}},"107":{"start":{"line":279,"column":8},"end":{"line":279,"column":33}},"108":{"start":{"line":280,"column":8},"end":{"line":280,"column":80}},"109":{"start":{"line":281,"column":8},"end":{"line":281,"column":9316}},"110":{"start":{"line":283,"column":10},"end":{"line":283,"column":21}},"111":{"start":{"line":301,"column":4},"end":{"line":301,"column":28}},"112":{"start":{"line":302,"column":4},"end":{"line":302,"column":28}},"113":{"start":{"line":303,"column":4},"end":{"line":303,"column":53}},"114":{"start":{"line":304,"column":4},"end":{"line":304,"column":86}},"115":{"start":{"line":306,"column":4},"end":{"line":306,"column":9949}},"116":{"start":{"line":307,"column":6},"end":{"line":307,"column":15}},"117":{"start":{"line":308,"column":6},"end":{"line":308,"column":76}},"118":{"start":{"line":309,"column":6},"end":{"line":309,"column":43}},"119":{"start":{"line":310,"column":6},"end":{"line":310,"column":43}},"120":{"start":{"line":330,"column":4},"end":{"line":330,"column":15}},"121":{"start":{"line":331,"column":4},"end":{"line":331,"column":17}},"122":{"start":{"line":332,"column":4},"end":{"line":332,"column":12}},"123":{"start":{"line":333,"column":4},"end":{"line":333,"column":12}},"124":{"start":{"line":334,"column":4},"end":{"line":334,"column":29}},"125":{"start":{"line":335,"column":4},"end":{"line":335,"column":48}},"126":{"start":{"line":336,"column":4},"end":{"line":336,"column":26}},"127":{"start":{"line":337,"column":4},"end":{"line":337,"column":10607}},"128":{"start":{"line":338,"column":6},"end":{"line":338,"column":13}},"129":{"start":{"line":339,"column":6},"end":{"line":339,"column":13}},"130":{"start":{"line":340,"column":6},"end":{"line":340,"column":10680}},"131":{"start":{"line":341,"column":8},"end":{"line":341,"column":72}},"132":{"start":{"line":342,"column":8},"end":{"line":342,"column":10809}},"133":{"start":{"line":343,"column":10},"end":{"line":343,"column":19}},"134":{"start":{"line":344,"column":10},"end":{"line":344,"column":26}},"135":{"start":{"line":345,"column":10},"end":{"line":345,"column":26}},"136":{"start":{"line":347,"column":8},"end":{"line":347,"column":10935}},"137":{"start":{"line":348,"column":10},"end":{"line":348,"column":19}},"138":{"start":{"line":349,"column":10},"end":{"line":349,"column":26}},"139":{"start":{"line":350,"column":10},"end":{"line":350,"column":26}},"140":{"start":{"line":362,"column":4},"end":{"line":362,"column":11314}},"141":{"start":{"line":363,"column":6},"end":{"line":363,"column":36}},"142":{"start":{"line":365,"column":6},"end":{"line":365,"column":64}},"143":{"start":{"line":366,"column":6},"end":{"line":366,"column":45}},"144":{"start":{"line":375,"column":4},"end":{"line":375,"column":20}},"145":{"start":{"line":378,"column":4},"end":{"line":378,"column":64}},"146":{"start":{"line":379,"column":4},"end":{"line":379,"column":11913}},"147":{"start":{"line":381,"column":6},"end":{"line":381,"column":93}},"148":{"start":{"line":383,"column":6},"end":{"line":383,"column":39}},"149":{"start":{"line":393,"column":4},"end":{"line":393,"column":20}},"150":{"start":{"line":394,"column":4},"end":{"line":394,"column":15}},"151":{"start":{"line":396,"column":4},"end":{"line":396,"column":63}},"152":{"start":{"line":398,"column":4},"end":{"line":398,"column":12513}},"153":{"start":{"line":399,"column":6},"end":{"line":399,"column":71}},"154":{"start":{"line":400,"column":6},"end":{"line":400,"column":71}},"155":{"start":{"line":402,"column":6},"end":{"line":402,"column":68}},"156":{"start":{"line":403,"column":6},"end":{"line":403,"column":12814}},"157":{"start":{"line":405,"column":8},"end":{"line":405,"column":41}},"158":{"start":{"line":425,"column":4},"end":{"line":425,"column":24}},"159":{"start":{"line":426,"column":4},"end":{"line":426,"column":21}},"160":{"start":{"line":427,"column":4},"end":{"line":427,"column":16}},"161":{"start":{"line":428,"column":4},"end":{"line":428,"column":37}},"162":{"start":{"line":429,"column":4},"end":{"line":429,"column":13465}},"163":{"start":{"line":430,"column":6},"end":{"line":430,"column":43}},"164":{"start":{"line":431,"column":11},"end":{"line":431,"column":13547}},"165":{"start":{"line":433,"column":6},"end":{"line":433,"column":86}},"166":{"start":{"line":434,"column":6},"end":{"line":434,"column":13688}},"167":{"start":{"line":435,"column":8},"end":{"line":435,"column":64}},"168":{"start":{"line":436,"column":8},"end":{"line":436,"column":21}},"169":{"start":{"line":438,"column":6},"end":{"line":438,"column":43}},"170":{"start":{"line":439,"column":6},"end":{"line":439,"column":47}},"171":{"start":{"line":441,"column":11},"end":{"line":441,"column":14078}},"172":{"start":{"line":442,"column":6},"end":{"line":442,"column":79}},"173":{"start":{"line":443,"column":6},"end":{"line":443,"column":53}},"174":{"start":{"line":444,"column":6},"end":{"line":444,"column":63}},"175":{"start":{"line":446,"column":6},"end":{"line":446,"column":14334}},"176":{"start":{"line":447,"column":8},"end":{"line":447,"column":73}},"177":{"start":{"line":448,"column":8},"end":{"line":448,"column":65}},"178":{"start":{"line":449,"column":8},"end":{"line":449,"column":65}},"179":{"start":{"line":450,"column":8},"end":{"line":450,"column":21}},"180":{"start":{"line":452,"column":6},"end":{"line":452,"column":43}},"181":{"start":{"line":454,"column":6},"end":{"line":454,"column":45}},"182":{"start":{"line":456,"column":6},"end":{"line":456,"column":14923}},"183":{"start":{"line":460,"column":6},"end":{"line":460,"column":79}},"184":{"start":{"line":461,"column":6},"end":{"line":461,"column":63}},"185":{"start":{"line":463,"column":6},"end":{"line":463,"column":15140}},"186":{"start":{"line":464,"column":8},"end":{"line":464,"column":73}},"187":{"start":{"line":465,"column":8},"end":{"line":465,"column":65}},"188":{"start":{"line":466,"column":8},"end":{"line":466,"column":21}},"189":{"start":{"line":469,"column":6},"end":{"line":469,"column":15442}},"190":{"start":{"line":472,"column":6},"end":{"line":472,"column":15524}},"191":{"start":{"line":473,"column":8},"end":{"line":473,"column":66}},"192":{"start":{"line":474,"column":8},"end":{"line":474,"column":65}},"193":{"start":{"line":475,"column":8},"end":{"line":475,"column":21}},"194":{"start":{"line":477,"column":6},"end":{"line":477,"column":43}},"195":{"start":{"line":478,"column":6},"end":{"line":478,"column":53}},"196":{"start":{"line":479,"column":6},"end":{"line":479,"column":45}},"197":{"start":{"line":481,"column":6},"end":{"line":481,"column":15989}},"198":{"start":{"line":503,"column":4},"end":{"line":503,"column":21}},"199":{"start":{"line":504,"column":4},"end":{"line":504,"column":16}},"200":{"start":{"line":505,"column":4},"end":{"line":505,"column":24}},"201":{"start":{"line":507,"column":4},"end":{"line":507,"column":16660}},"202":{"start":{"line":508,"column":6},"end":{"line":508,"column":70}},"203":{"start":{"line":509,"column":11},"end":{"line":509,"column":16769}},"204":{"start":{"line":510,"column":6},"end":{"line":510,"column":86}},"205":{"start":{"line":511,"column":6},"end":{"line":511,"column":63}},"206":{"start":{"line":514,"column":6},"end":{"line":514,"column":16977}},"207":{"start":{"line":515,"column":8},"end":{"line":515,"column":77}},"208":{"start":{"line":517,"column":8},"end":{"line":517,"column":65}},"209":{"start":{"line":518,"column":8},"end":{"line":518,"column":21}},"210":{"start":{"line":521,"column":6},"end":{"line":521,"column":58}},"211":{"start":{"line":522,"column":6},"end":{"line":522,"column":17374}},"212":{"start":{"line":523,"column":8},"end":{"line":523,"column":55}},"213":{"start":{"line":526,"column":6},"end":{"line":526,"column":54}},"214":{"start":{"line":527,"column":6},"end":{"line":527,"column":17707}},"215":{"start":{"line":531,"column":11},"end":{"line":531,"column":17855}},"216":{"start":{"line":532,"column":6},"end":{"line":532,"column":79}},"217":{"start":{"line":533,"column":6},"end":{"line":533,"column":63}},"218":{"start":{"line":534,"column":6},"end":{"line":534,"column":18095}},"219":{"start":{"line":535,"column":8},"end":{"line":535,"column":46}},"220":{"start":{"line":536,"column":6},"end":{"line":536,"column":18154}},"221":{"start":{"line":538,"column":8},"end":{"line":538,"column":86}},"222":{"start":{"line":539,"column":8},"end":{"line":539,"column":21}},"223":{"start":{"line":541,"column":6},"end":{"line":541,"column":60}},"224":{"start":{"line":544,"column":6},"end":{"line":544,"column":56}},"225":{"start":{"line":545,"column":6},"end":{"line":545,"column":54}},"226":{"start":{"line":546,"column":6},"end":{"line":546,"column":63}},"227":{"start":{"line":547,"column":6},"end":{"line":547,"column":18779}},"228":{"start":{"line":548,"column":8},"end":{"line":548,"column":86}},"229":{"start":{"line":549,"column":8},"end":{"line":549,"column":21}},"230":{"start":{"line":551,"column":6},"end":{"line":551,"column":91}},"231":{"start":{"line":553,"column":6},"end":{"line":553,"column":19087}},"232":{"start":{"line":554,"column":8},"end":{"line":554,"column":79}},"233":{"start":{"line":556,"column":8},"end":{"line":556,"column":21}},"234":{"start":{"line":559,"column":6},"end":{"line":559,"column":69}},"235":{"start":{"line":561,"column":6},"end":{"line":561,"column":60}},"236":{"start":{"line":562,"column":6},"end":{"line":562,"column":52}},"237":{"start":{"line":563,"column":6},"end":{"line":563,"column":19548}},"238":{"start":{"line":564,"column":8},"end":{"line":564,"column":29}},"239":{"start":{"line":565,"column":8},"end":{"line":565,"column":65}},"240":{"start":{"line":568,"column":6},"end":{"line":568,"column":63}},"241":{"start":{"line":569,"column":6},"end":{"line":569,"column":45}},"242":{"start":{"line":570,"column":6},"end":{"line":570,"column":19948}},"243":{"start":{"line":585,"column":4},"end":{"line":585,"column":62}},"244":{"start":{"line":586,"column":4},"end":{"line":586,"column":20376}},"245":{"start":{"line":587,"column":6},"end":{"line":587,"column":77}}},"branchMap":{"1":{"line":47,"type":"if","locations":[{"start":{"line":47,"column":4},"end":{"line":47,"column":4}},{"start":{"line":47,"column":4},"end":{"line":47,"column":4}}]},"2":{"line":75,"type":"if","locations":[{"start":{"line":75,"column":4},"end":{"line":75,"column":4}},{"start":{"line":75,"column":4},"end":{"line":75,"column":4}}]},"3":{"line":93,"type":"if","locations":[{"start":{"line":93,"column":4},"end":{"line":93,"column":4}},{"start":{"line":93,"column":4},"end":{"line":93,"column":4}}]},"4":{"line":95,"type":"if","locations":[{"start":{"line":95,"column":11},"end":{"line":95,"column":11}},{"start":{"line":95,"column":11},"end":{"line":95,"column":11}}]},"5":{"line":114,"type":"if","locations":[{"start":{"line":114,"column":4},"end":{"line":114,"column":4}},{"start":{"line":114,"column":4},"end":{"line":114,"column":4}}]},"6":{"line":122,"type":"if","locations":[{"start":{"line":122,"column":4},"end":{"line":122,"column":4}},{"start":{"line":122,"column":4},"end":{"line":122,"column":4}}]},"7":{"line":152,"type":"if","locations":[{"start":{"line":152,"column":6},"end":{"line":152,"column":6}},{"start":{"line":152,"column":6},"end":{"line":152,"column":6}}]},"8":{"line":155,"type":"if","locations":[{"start":{"line":155,"column":13},"end":{"line":155,"column":13}},{"start":{"line":155,"column":13},"end":{"line":155,"column":13}}]},"9":{"line":160,"type":"if","locations":[{"start":{"line":160,"column":6},"end":{"line":160,"column":6}},{"start":{"line":160,"column":6},"end":{"line":160,"column":6}}]},"10":{"line":183,"type":"if","locations":[{"start":{"line":183,"column":4},"end":{"line":183,"column":4}},{"start":{"line":183,"column":4},"end":{"line":183,"column":4}}]},"11":{"line":201,"type":"if","locations":[{"start":{"line":201,"column":4},"end":{"line":201,"column":4}},{"start":{"line":201,"column":4},"end":{"line":201,"column":4}}]},"12":{"line":202,"type":"if","locations":[{"start":{"line":202,"column":6},"end":{"line":202,"column":6}},{"start":{"line":202,"column":6},"end":{"line":202,"column":6}}]},"13":{"line":207,"type":"if","locations":[{"start":{"line":207,"column":6},"end":{"line":207,"column":6}},{"start":{"line":207,"column":6},"end":{"line":207,"column":6}}]},"14":{"line":209,"type":"if","locations":[{"start":{"line":209,"column":6},"end":{"line":209,"column":6}},{"start":{"line":209,"column":6},"end":{"line":209,"column":6}}]},"15":{"line":232,"type":"if","locations":[{"start":{"line":232,"column":4},"end":{"line":232,"column":4}},{"start":{"line":232,"column":4},"end":{"line":232,"column":4}}]},"16":{"line":238,"type":"if","locations":[{"start":{"line":238,"column":6},"end":{"line":238,"column":6}},{"start":{"line":238,"column":6},"end":{"line":238,"column":6}}]},"17":{"line":241,"type":"if","locations":[{"start":{"line":241,"column":8},"end":{"line":241,"column":8}},{"start":{"line":241,"column":8},"end":{"line":241,"column":8}}]},"18":{"line":250,"type":"if","locations":[{"start":{"line":250,"column":13},"end":{"line":250,"column":13}},{"start":{"line":250,"column":13},"end":{"line":250,"column":13}}]},"19":{"line":271,"type":"if","locations":[{"start":{"line":271,"column":4},"end":{"line":271,"column":4}},{"start":{"line":271,"column":4},"end":{"line":271,"column":4}}]},"20":{"line":273,"type":"if","locations":[{"start":{"line":273,"column":6},"end":{"line":273,"column":6}},{"start":{"line":273,"column":6},"end":{"line":273,"column":6}}]},"21":{"line":281,"type":"if","locations":[{"start":{"line":281,"column":8},"end":{"line":281,"column":8}},{"start":{"line":281,"column":8},"end":{"line":281,"column":8}}]},"22":{"line":306,"type":"if","locations":[{"start":{"line":306,"column":4},"end":{"line":306,"column":4}},{"start":{"line":306,"column":4},"end":{"line":306,"column":4}}]},"23":{"line":340,"type":"if","locations":[{"start":{"line":340,"column":6},"end":{"line":340,"column":6}},{"start":{"line":340,"column":6},"end":{"line":340,"column":6}}]},"24":{"line":342,"type":"if","locations":[{"start":{"line":342,"column":8},"end":{"line":342,"column":8}},{"start":{"line":342,"column":8},"end":{"line":342,"column":8}}]},"25":{"line":347,"type":"if","locations":[{"start":{"line":347,"column":8},"end":{"line":347,"column":8}},{"start":{"line":347,"column":8},"end":{"line":347,"column":8}}]},"26":{"line":362,"type":"if","locations":[{"start":{"line":362,"column":4},"end":{"line":362,"column":4}},{"start":{"line":362,"column":4},"end":{"line":362,"column":4}}]},"27":{"line":379,"type":"if","locations":[{"start":{"line":379,"column":4},"end":{"line":379,"column":4}},{"start":{"line":379,"column":4},"end":{"line":379,"column":4}}]},"28":{"line":398,"type":"if","locations":[{"start":{"line":398,"column":4},"end":{"line":398,"column":4}},{"start":{"line":398,"column":4},"end":{"line":398,"column":4}}]},"29":{"line":403,"type":"if","locations":[{"start":{"line":403,"column":6},"end":{"line":403,"column":6}},{"start":{"line":403,"column":6},"end":{"line":403,"column":6}}]},"30":{"line":429,"type":"if","locations":[{"start":{"line":429,"column":4},"end":{"line":429,"column":4}},{"start":{"line":429,"column":4},"end":{"line":429,"column":4}}]},"31":{"line":431,"type":"if","locations":[{"start":{"line":431,"column":11},"end":{"line":431,"column":11}},{"start":{"line":431,"column":11},"end":{"line":431,"column":11}}]},"32":{"line":434,"type":"if","locations":[{"start":{"line":434,"column":6},"end":{"line":434,"column":6}},{"start":{"line":434,"column":6},"end":{"line":434,"column":6}}]},"33":{"line":441,"type":"if","locations":[{"start":{"line":441,"column":11},"end":{"line":441,"column":11}},{"start":{"line":441,"column":11},"end":{"line":441,"column":11}}]},"34":{"line":446,"type":"if","locations":[{"start":{"line":446,"column":6},"end":{"line":446,"column":6}},{"start":{"line":446,"column":6},"end":{"line":446,"column":6}}]},"35":{"line":463,"type":"if","locations":[{"start":{"line":463,"column":6},"end":{"line":463,"column":6}},{"start":{"line":463,"column":6},"end":{"line":463,"column":6}}]},"36":{"line":472,"type":"if","locations":[{"start":{"line":472,"column":6},"end":{"line":472,"column":6}},{"start":{"line":472,"column":6},"end":{"line":472,"column":6}}]},"37":{"line":507,"type":"if","locations":[{"start":{"line":507,"column":4},"end":{"line":507,"column":4}},{"start":{"line":507,"column":4},"end":{"line":507,"column":4}}]},"38":{"line":509,"type":"if","locations":[{"start":{"line":509,"column":11},"end":{"line":509,"column":11}},{"start":{"line":509,"column":11},"end":{"line":509,"column":11}}]},"39":{"line":514,"type":"if","locations":[{"start":{"line":514,"column":6},"end":{"line":514,"column":6}},{"start":{"line":514,"column":6},"end":{"line":514,"column":6}}]},"40":{"line":522,"type":"if","locations":[{"start":{"line":522,"column":6},"end":{"line":522,"column":6}},{"start":{"line":522,"column":6},"end":{"line":522,"column":6}}]},"41":{"line":531,"type":"if","locations":[{"start":{"line":531,"column":11},"end":{"line":531,"column":11}},{"start":{"line":531,"column":11},"end":{"line":531,"column":11}}]},"42":{"line":534,"type":"if","locations":[{"start":{"line":534,"column":6},"end":{"line":534,"column":6}},{"start":{"line":534,"column":6},"end":{"line":534,"column":6}}]},"43":{"line":536,"type":"if","locations":[{"start":{"line":536,"column":6},"end":{"line":536,"column":6}},{"start":{"line":536,"column":6},"end":{"line":536,"column":6}}]},"44":{"line":547,"type":"if","locations":[{"start":{"line":547,"column":6},"end":{"line":547,"column":6}},{"start":{"line":547,"column":6},"end":{"line":547,"column":6}}]},"45":{"line":553,"type":"if","locations":[{"start":{"line":553,"column":6},"end":{"line":553,"column":6}},{"start":{"line":553,"column":6},"end":{"line":553,"column":6}}]},"46":{"line":563,"type":"if","locations":[{"start":{"line":563,"column":6},"end":{"line":563,"column":6}},{"start":{"line":563,"column":6},"end":{"line":563,"column":6}}]},"47":{"line":586,"type":"if","locations":[{"start":{"line":586,"column":4},"end":{"line":586,"column":4}},{"start":{"line":586,"column":4},"end":{"line":586,"column":4}}]},"48":{"line":587,"type":"if","locations":[{"start":{"line":587,"column":6},"end":{"line":587,"column":6}},{"start":{"line":587,"column":6},"end":{"line":587,"column":6}}]}}},"contracts/modules/capital/PoolData.sol":{"l":{"100":6,"101":0,"102":0,"103":0,"104":0,"105":0,"106":0,"107":0,"108":0,"109":0,"110":0,"111":0,"112":0,"113":0,"114":0,"115":0,"116":0,"117":0,"118":0,"119":0,"120":0,"121":0,"122":0,"130":0,"138":0,"146":0,"153":0,"160":0,"170":0,"179":0,"200":0,"201":0,"208":0,"215":0,"231":0,"232":0,"233":0,"249":0,"250":0,"251":0,"259":0,"260":0,"267":0,"274":0,"275":0,"288":0,"289":0,"290":0,"297":0,"298":0,"311":0,"312":0,"313":0,"318":0,"324":0,"334":0,"335":0,"336":0,"340":0,"344":0,"348":0,"352":0,"356":0,"360":0,"364":0,"368":0,"372":0,"375":0,"379":0,"389":0,"390":0,"391":0,"398":0,"399":0,"410":0,"416":0,"421":0,"427":0,"432":0,"433":0,"434":0,"439":0,"457":0,"458":0,"470":0,"477":0,"484":0,"491":0,"498":0,"505":0,"512":0,"529":0,"540":0,"547":0,"563":0,"573":0,"580":0,"587":0,"607":0,"621":0,"628":0,"635":0,"644":0,"653":0,"660":0,"667":0,"674":0,"683":0,"690":0,"712":0,"727":0,"728":0,"729":0,"733":0,"737":0,"741":0,"745":0,"749":0,"753":0,"757":0,"761":0,"765":0,"768":0,"772":0,"775":0,"786":0,"795":0,"804":0,"805":0,"806":0,"808":0,"810":0,"819":0,"824":0,"829":0,"834":0,"839":0,"847":0,"855":0,"862":0,"869":0,"874":0,"879":0,"8
[...]
"if","locations":[{"start":{"line":154,"column":11},"end":{"line":154,"column":11}},{"start":{"line":154,"column":11},"end":{"line":154,"column":11}}]},"6":{"line":158,"type":"if","locations":[{"start":{"line":158,"column":11},"end":{"line":158,"column":11}},{"start":{"line":158,"column":11},"end":{"line":158,"column":11}}]},"7":{"line":162,"type":"if","locations":[{"start":{"line":162,"column":11},"end":{"line":162,"column":11}},{"start":{"line":162,"column":11},"end":{"line":162,"column":11}}]},"8":{"line":166,"type":"if","locations":[{"start":{"line":166,"column":11},"end":{"line":166,"column":11}},{"start":{"line":166,"column":11},"end":{"line":166,"column":11}}]},"9":{"line":170,"type":"if","locations":[{"start":{"line":170,"column":11},"end":{"line":170,"column":11}},{"start":{"line":170,"column":11},"end":{"line":170,"column":11}}]},"10":{"line":174,"type":"if","locations":[{"start":{"line":174,"column":11},"end":{"line":174,"column":11}},{"start":{"line":174,"column":11},"end":{"line":174,"column":11}}]},"11":{"line":535,"type":"if","locations":[{"start":{"line":535,"column":4},"end":{"line":535,"column":4}},{"start":{"line":535,"column":4},"end":{"line":535,"column":4}}]},"12":{"line":536,"type":"if","locations":[{"start":{"line":536,"column":6},"end":{"line":536,"column":6}},{"start":{"line":536,"column":6},"end":{"line":536,"column":6}}]},"13":{"line":613,"type":"if","locations":[{"start":{"line":613,"column":4},"end":{"line":613,"column":4}},{"start":{"line":613,"column":4},"end":{"line":613,"column":4}}]},"14":{"line":623,"type":"if","locations":[{"start":{"line":623,"column":4},"end":{"line":623,"column":4}},{"start":{"line":623,"column":4},"end":{"line":623,"column":4}}]},"15":{"line":678,"type":"if","locations":[{"start":{"line":678,"column":4},"end":{"line":678,"column":4}},{"start":{"line":678,"column":4},"end":{"line":678,"column":4}}]},"16":{"line":679,"type":"if","locations":[{"start":{"line":679,"column":4},"end":{"line":679,"column":4}},{"start":{"line":679,"column":4},"end":{"line":679,"column":4}}]},"17":{"line":683,"type":"if","locations":[{"start":{"line":683,"column":11},"end":{"line":683,"column":11}},{"start":{"line":683,"column":11},"end":{"line":683,"column":11}}]},"18":{"line":687,"type":"if","locations":[{"start":{"line":687,"column":11},"end":{"line":687,"column":11}},{"start":{"line":687,"column":11},"end":{"line":687,"column":11}}]},"19":{"line":691,"type":"if","locations":[{"start":{"line":691,"column":11},"end":{"line":691,"column":11}},{"start":{"line":691,"column":11},"end":{"line":691,"column":11}}]},"20":{"line":695,"type":"if","locations":[{"start":{"line":695,"column":11},"end":{"line":695,"column":11}},{"start":{"line":695,"column":11},"end":{"line":695,"column":11}}]},"21":{"line":699,"type":"if","locations":[{"start":{"line":699,"column":11},"end":{"line":699,"column":11}},{"start":{"line":699,"column":11},"end":{"line":699,"column":11}}]},"22":{"line":703,"type":"if","locations":[{"start":{"line":703,"column":11},"end":{"line":703,"column":11}},{"start":{"line":703,"column":11},"end":{"line":703,"column":11}}]},"23":{"line":707,"type":"if","locations":[{"start":{"line":707,"column":11},"end":{"line":707,"column":11}},{"start":{"line":707,"column":11},"end":{"line":707,"column":11}}]},"24":{"line":711,"type":"if","locations":[{"start":{"line":711,"column":11},"end":{"line":711,"column":11}},{"start":{"line":711,"column":11},"end":{"line":711,"column":11}}]},"25":{"line":715,"type":"if","locations":[{"start":{"line":715,"column":11},"end":{"line":715,"column":11}},{"start":{"line":715,"column":11},"end":{"line":715,"column":11}}]}}},"contracts/modules/token/TokenFunctions.sol":{"l":{"51":0,"52":0,"69":0,"70":0,"71":0,"72":0,"88":0,"89":0,"90":0,"92":0,"93":0,"94":0,"96":0,"97":0,"99":0,"102":0,"111":0,"120":0,"121":0,"130":0,"138":0,"139":0,"140":0,"141":0,"142":0,"143":0,"144":0,"145":0,"146":0,"148":0,"162":0,"163":0,"164":0,"165":0,"166":0,"167":0,"168":0,"172":0,"179":0,"180":0,"181":0,"182":0,"183":0,"184":0,"185":0,"186":0,"187":0,"188":0,"197":0,"205":0,"206":0,"207":6,"216":0,"217":0,"218":0,"219":0,"220":0,"230":0,"231":0,"232":0,"233":0,"234":0,"235":0,"236":1,"244":0,"245":0,"246":0,"247":0,"248":0,"249":0,"250":0,"262":0,"263":0,"264":0,"283":0,"284":0,"285":0,"286":6,"295":0,"315":0,"335":0,"343":0,"344":0,"345":0,"346":0,"347":0,"348":0,"349":0,"350":0,"353":0,"354":0,"355":0,"356":0,"378":0,"379":0,"380":0,"381":0,"382":0,"383":0,"385":0,"387":0,"389":0,"390":0,"392":0,"393":0,"394":0,"415":0,"416":0,"418":0,"419":0,"420":0,"421":0,"422":0,"424":0,"444":0,"446":0,"454":0,"455":0,"456":0,"465":0,"466":0,"485":0,"486":0,"487":0,"489":0,"507":0,"509":0,"510":0,"512":0},"path":"/w/nxm/contracts-dev/contracts/modules/token/TokenFunctions.sol","s":{"1":0,"2":0,"3":0,"4":0,"5":0,"6":0,"7":0,"8":0,"9":0,"10":0,"11":0,"12":0,"13":0,"14":0,"15":0,"16":0,"17":0,"18":0,"19":0,"20":0,"21":0,"22":0,"23":0,"24":0,"25":0,"26":0,"27":0,"28":0,"29":0,"30":0,"31":0,"32":0,"33":0,"34":0,"35":0,"36":0,"37":0,"38":0,"39":0,"40":0,"41":0,"42":0,"43":0,"44":0,"45":0,"46":0,"47":0,"48":0,"49":0,"50":0,"51":0,"52":0,"53":0,"54":0,"55":0,"56":0,"57":0,"58":0,"59":0,"60":0,"61":0,"62":0,"63":0,"64":0,"65":0,"66":0,"67":0,"68":0,"69":0,"70":0,"71":0,"72":0,"73":0,"74":0,"75":0,"76":0,"77":0,"78":0,"79":0,"80":0,"81":0,"82":0,"83":0,"84":0,"85":0,"86":0,"87":0,"88":0,"89":0,"90":0,"91":0,"92":0,"93":0,"94":0,"95":0,"96":0,"97":0,"98":0,"99":0,"100":0,"101":0,"102":0,"103":0,"104":0,"105":0,"106":0,"107":0,"108":0,"109":0,"110":0,"111":0,"112":0,"113":0,"114":0,"115":0,"116":0,"117":0,"118":0,"119":0,"120":0,"121":0,"122":0,"123":0,"124":0,"125":0,"126":0,"127":0,"128":0,"129":0},"b":{"1":[0,0],"2":[0,0],"3":[0,0],"4":[0,0],"5":[0,0],"6":[0,0],"7":[0,0],"8":[0,0]},"f":{"1":0,"2":0,"3":0,"4":0,"5":0,"6":0,"7":0,"8":0,"9":0,"10":0,"11":0,"12":0,"13":0,"14":0,"15":0,"16":0,"17":0,"18":0,"19":0,"20":0,"21":0,"22":0,"23":0,"24":0,"25":0,"26":0,"27":0,"28":0},"fnMap":{"1":{"name":"pushStakerRewards","line":50,"loc":{"start":{"line":50,"column":2},"end":{"line":53,"column":2}}},"2":{"name":"burnStakerLockedToken","line":58,"loc":{"start":{"line":58,"column":2},"end":{"line":60,"column":2}}},"3":{"name":"burnStakedTokens","line":68,"loc":{"start":{"line":68,"column":2},"end":{"line":73,"column":2}}},"4":{"name":"deprecated_getTotalStakedTokensOnSmartContract","line":81,"loc":{"start":{"line":81,"column":2},"end":{"line":103,"column":2}}},"5":{"name":"getUserLockedCNTokens","line":110,"loc":{"start":{"line":110,"column":2},"end":{"line":112,"column":2}}},"6":{"name":"getUserAllLockedCNTokens","line":119,"loc":{"start":{"line":119,"column":2},"end":{"line":123,"column":2}}},"7":{"name":"getLockedCNAgainstCover","line":129,"loc":{"start":{"line":129,"column":2},"end":{"line":131,"column":2}}},"8":{"name":"deprecated_getStakerAllLockedTokens","line":137,"loc":{"start":{"line":137,"column":2},"end":{"line":149,"column":2}}},"9":{"name":"deprecated_getStakerAllUnlockableStakedTokens","line":155,"loc":{"start":{"line":155,"column":2},"end":{"line":173,"column":2}}},"10":{"name":"changeDependentContractAddress","line":178,"loc":{"start":{"line":178,"column":2},"end":{"line":189,"column":2}}},"11":{"name":"getTokenPrice","line":196,"loc":{"start":{"line":196,"column":2},"end":{"line":198,"column":2}}},"12":{"name":"depositCN","line":204,"loc":{"start":{"line":204,"column":2},"end":{"line":208,"column":2}}},"13":{"name":"extendCNEPOff","line":215,"loc":{"start":{"line":215,"column":2},"end":{"line":222,"column":2}}},"14":{"name":"burnDepositCN","line":229,"loc":{"start":{"line":229,"column":2},"end":{"line":237,"column":2}}},"15":{"name":"unlockCN","line":243,"loc":{"start":{"line":243,"column":2},"end":{"line":252,"column":2}}},"16":{"name":"burnCAToken","line":260,"loc":{"start":{"line":260,"column":2},"end":{"line":265,"column":2}}},"17":{"name":"lockCN","line":281,"loc":{"start":{"line":274,"column":2},"end":{"line":287,"column":2}}},"18":{"name":"isLockedForMemberVote","line":294,"loc":{"start":{"line":294,"column":2},"end":{"line":296,"column":2}}},"19":{"name":"deprecated_getStakerLockedTokensOnSmartContract","line":305,"loc":{"start":{"line":305,"column":2},"end":{"line":317,"column":2}}},"20":{"name":"deprecated_getStakerUnlockableTokensOnSmartContract","line":326,"loc":{"start":{"line":326,"column":2},"end":{"line":337,"column":2}}},"21":{"name":"deprecated_unlockStakerUnlockableTokens","line":342,"loc":{"start":{"line":342,"column":2},"end":{"line":358,"column":2}}},"22":{"name":"_deprecated_unlockableBeforeBurningAndCanBurn","line":368,"loc":{"start":{"line":368,"column":2},"end":{"line":396,"column":2}}},"23":{"name":"_deprecated_getStakerUnlockableTokensOnSmartContract","line":405,"loc":{"start":{"line":405,"column":2},"end":{"line":425,"column":2}}},"24":{"name":"_deprecated_getStakerLockedTokensOnSmartContract","line":434,"loc":{"start":{"line":434,"column":2},"end":{"line":447,"column":2}}},"25":{"name":"_getLockedCNAgainstCover","line":453,"loc":{"start":{"line":453,"column":2},"end":{"line":457,"column":2}}},"26":{"name":"_getUserLockedCNTokens","line":464,"loc":{"start":{"line":464,"column":2},"end":{"line":467,"column":2}}},"27":{"name":"_deprecated_calculateStakedTokens","line":476,"loc":{"start":{"line":476,"column":2},"end":{"line":491,"column":2}}},"28":{"name":"_deprecated_burnStakerTokenLockedAgainstSmartContract","line":499,"loc":{"start":{"line":499,"column":2},"end":{"line":513,"column":2}}}},"statementMap":{"1":{"start":{"line":51,"column":4},"end":{"line":51,"column":76}},"2":{"start":{"line":52,"column":4},"end":{"line":52,"column":64}},"3":{"start":{"line":69,"column":4},"end":{"line":69,"column":59}},"4":{"start":{"line":70,"column":4},"end":{"line":70,"column":59}},"5":{"start":{"line":71,"column":4},"end":{"line":71,"column":61}},"6":{"start":{"line":72,"column":4},"end":{"line":72,"column":51}},"7":{"start":{"line":88,"column":4},"end":{"line":88,"column":25}},"8":{"start":{"line":89,"column":4},"end":{"line":89,"column":25}},"9":{"start":{"line":90,"column":4},"end":{"line":90,"column":78}},"10":{"start":{"line":92,"column":4},"end":{"line":92,"column":3104}},"11":{"start":{"line":93,"column":6},"end":{"line":93,"column":81}},"12":{"start":{"line":94,"column":6},"end":{"line":94,"column":3263}},"13":{"start":{"line":96,"column":6},"end":{"line":96,"column":26}},"14":{"start":{"line":97,"column":6},"end":{"line":97,"column":3394}},"15":{"start":{"line":99,"column":6},"end":{"line":99,"column":53}},"16":{"start":{"line":102,"column":4},"end":{"line":102,"column":23}},"17":{"start":{"line":111,"column":4},"end":{"line":111,"column":48}},"18":{"start":{"line":120,"column":4},"end":{"line":120,"column":4138}},"19":{"start":{"line":121,"column":6},"end":{"line":121,"column":84}},"20":{"start":{"line":130,"column":4},"end":{"line":130,"column":45}},"21":{"start":{"line":138,"column":4},"end":{"line":138,"column":25}},"22":{"start":{"line":139,"column":4},"end":{"line":139,"column":21}},"23":{"start":{"line":140,"column":4},"end":{"line":140,"column":16}},"24":{"start":{"line":141,"column":4},"end":{"line":141,"column":4882}},"25":{"start":{"line":142,"column":6},"end":{"line":142,"column":69}},"26":{"start":{"line":143,"column":6},"end":{"line":143,"column":65}},"27":{"start":{"line":144,"column":6},"end":{"line":144,"column":26}},"28":{"start":{"line":145,"column":6},"end":{"line":145,"column":102}},"29":{"start":{"line":146,"column":6},"end":{"line":146,"column":53}},"30":{"start":{"line":148,"column":4},"end":{"line":148,"column":24}},"31":{"start":{"line":162,"column":4},"end":{"line":162,"column":29}},"32":{"start":{"line":163,"column":4},"end":{"line":163,"column":21}},"33":{"start":{"line":164,"column":4},"end":{"line":164,"column":16}},"34":{"start":{"line":165,"column":4},"end":{"line":165,"column":5687}},"35":{"start":{"line":166,"column":6},"end":{"line":166,"column":69}},"36":{"start":{"line":167,"column":6},"end":{"line":167,"column":65}},"37":{"start":{"line":168,"column":6},"end":{"line":168,"column":5923}},"38":{"start":{"line":172,"column":4},"end":{"line":172,"column":28}},"39":{"start":{"line":179,"column":4},"end":{"line":179,"column":35}},"40":{"start":{"line":180,"column":4},"end":{"line":180,"column":44}},"41":{"start":{"line":181,"column":4},"end":{"line":181,"column":50}},"42":{"start":{"line":182,"column":4},"end":{"line":182,"column":47}},"43":{"start":{"line":183,"column":4},"end":{"line":183,"column":48}},"44":{"start":{"line":184,"column":4},"end":{"line":184,"column":38}},"45":{"start":{"line":185,"column":4},"end":{"line":185,"column":45}},"46":{"start":{"line":186,"column":4},"end":{"line":186,"column":46}},"47":{"start":{"line":187,"column":4},"end":{"line":187,"column":43}},"48":{"start":{"line":188,"column":4},"end":{"line":188,"column":60}},"49":{"start":{"line":197,"column":4},"end":{"line":197,"column":39}},"50":{"start":{"line":205,"column":4},"end":{"line":205,"column":76}},"51":{"start":{"line":206,"column":4},"end":{"line":206,"column":33}},"52":{"start":{"line":207,"column":4},"end":{"line":207,"column":17}},"53":{"start":{"line":216,"column":4},"end":{"line":216,"column":39}},"54":{"start":{"line":217,"column":4},"end":{"line":217,"column":58}},"55":{"start":{"line":218,"column":4},"end":{"line":218,"column":7621}},"56":{"start":{"line":219,"column":6},"end":{"line":219,"column":71}},"57":{"start":{"line":220,"column":6},"end":{"line":220,"column":44}},"58":{"start":{"line":230,"column":4},"end":{"line":230,"column":51}},"59":{"start":{"line":231,"column":4},"end":{"line":231,"column":15}},"60":{"start":{"line":232,"column":4},"end":{"line":232,"column":38}},"61":{"start":{"line":233,"column":4},"end":{"line":233,"column":37}},"62":{"start":{"line":234,"column":4},"end":{"line":234,"column":68}},"63":{"start":{"line":235,"column":4},"end":{"line":235,"column":43}},"64":{"start":{"line":236,"column":4},"end":{"line":236,"column":17}},"65":{"start":{"line":244,"column":4},"end":{"line":244,"column":50}},"66":{"start":{"line":245,"column":4},"end":{"line":245,"column":75}},"67":{"start":{"line":246,"column":4},"end":{"line":246,"column":53}},"68":{"start":{"line":247,"column":4},"end":{"line":247,"column":8683}},"69":{"start":{"line":248,"column":6},"end":{"line":248,"column":61}},"70":{"start":{"line":249,"column":6},"end":{"line":249,"column":78}},"71":{"start":{"line":250,"column":6},"end":{"line":250,"column":58}},"72":{"start":{"line":262,"column":4},"end":{"line":262,"column":48}},"73":{"start":{"line":263,"column":4},"end":{"line":263,"column":42}},"74":{"start":{"line":264,"column":4},"end":{"line":264,"column":43}},"75":{"start":{"line":283,"column":4},"end":{"line":283,"column":79}},"76":{"start":{"line":284,"column":4},"end":{"line":284,"column":68}},"77":{"start":{"line":285,"column":4},"end":{"line":285,"column":50}},"78":{"start":{"line":286,"column":4},"end":{"line":286,"column":52}},"79":{"start":{"line":295,"column":4},"end":{"line":295,"column":38}},"80":{"start":{"line":315,"column":4},"end":{"line":315,"column":10801}},"81":{"start":{"line":335,"column":4},"end":{"line":335,"column":11406}},"82":{"start":{"line":343,"column":4},"end":{"line":343,"column":25}},"83":{"start":{"line":344,"column":4},"end":{"line":344,"column":21}},"84":{"start":{"line":345,"column":4},"end":{"line":345,"column":18}},"85":{"start":{"line":346,"column":4},"end":{"line":346,"column":16}},"86":{"start":{"line":347,"column":4},"end":{"line":347,"column":11768}},"87":{"start":{"line":348,"column":6},"end":{"line":348,"column":69}},"88":{"start":{"line":349,"column":6},"end":{"line":349,"column":65}},"89":{"start":{"line":350,"column":6},"end":{"line":350,"column":12003}},"90":{"start":{"line":353,"column":6},"end":{"line":353,"column":63}},"91":{"start":{"line":354,"column":6},"end":{"line":354,"column":69}},"92":{"start":{"line":355,"column":6},"end":{"line":355,"column":83}},"93":{"start":{"line":356,"column":6},"end":{"line":356,"column":69}},"94":{"start":{"line":378,"column":4},"end":{"line":378,"column":16}},"95":{"start":{"line":379,"column":4},"end":{"line":379,"column":21}},"96":{"start":{"line":380,"column":4},"end":{"line":380,"column":19}},"97":{"start":{"line":381,"column":4},"end":{"line":381,"column":11}},"98":{"start":{"line":382,"column":4},"end":{"line":382,"column":99}},"99":{"start":{"line":383,"column":4},"end":{"line":383,"column":108}},"100":{"start":{"line":385,"column":4},"end":{"line":385,"column":13357}},"101":{"start":{"line":387,"column":4},"end":{"line":387,"column":13503}},"102":{"start":{"line":389,"column":4},"end":{"line":389,"column":13590}},"103":{"start":{"line":390,"column":6},"end":{"line":390,"column":10}},"104":{"start":{"line":392,"column":4},"end":{"line":392,"column":19}},"105":{"start":{"line":393,"column":4},"end":{"line":393,"column":13648}},"106":{"start":{"line":394,"column":6},"end":{"line":394,"column":54}},"107":{"start":{"line":415,"column":4},"end":{"line":415,"column":21}},"108":{"start":{"line":416,"column":4},"end":{"line":416,"column":14372}},"109":{"start":{"line":418,"column":4},"end":{"line":418,"column":14}},"110":{"start":{"line":419,"column":4},"end":{"line":419,"column":89}},"111":{"start":{"line":420,"column":4},"end":{"line":420,"column":88}},"112":{"start":{"line":421,"column":4},"end":{"line":421,"column":28}},"113":{"start":{"line":422,"column":4},"end":{"line":422,"column":14699}},"114":{"start":{"line":424,"column":4},"end":{"line":424,"column":81}},"115":{"start":{"line":444,"column":4},"end":{"line":444,"column":15417}},"116":{"start":{"line":446,"column":4},"end":{"line":446,"column":51}},"117":{"start":{"line":454,"column":4},"end":{"line":454,"column":60}},"118":{"start":{"line":455,"column":4},"end":{"line":455,"column":77}},"119":{"start":{"line":456,"column":4},"end":{"line":456,"column":58}},"120":{"start":{"line":465,"column":4},"end":{"line":465,"column":69}},"121":{"start":{"line":466,"column":4},"end":{"line":466,"column":50}},"122":{"start":{"line":485,"column":4},"end":{"line":485,"column":16784}},"123":{"start":{"line":486,"column":6},"end":{"line":486,"column":74}},"124":{"start":{"line":487,"column":6},"end":{"line":487,"column":48}},"125":{"start":{"line":489,"column":6},"end":{"line":489,"column":15}},"126":{"start":{"line":507,"column":4},"end":{"line":507,"column":17434}},"127":{"start":{"line":509,"column":4},"end":{"line":509,"column":60}},"128":{"start":{"line":510,"column":4},"end":{"line":510,"column":17607}},"129":{"start":{"line":512,"column":4},"end":{"line":512,"column":55}}},"branchMap":{"1":{"line":205,"type":"if","locations":[{"start":{"line":205,"column":4},"end":{"line":205,"column":4}},{"start":{"line":205,"column":4},"end":{"line":205,"column":4}}]},"2":{"line":218,"type":"if","locations":[{"start":{"line":218,"column":4},"end":{"line":218,"column":4}},{"start":{"line":218,"column":4},"end":{"line":218,"column":4}}]},"3":{"line":245,"type":"if","locations":[{"start":{"line":245,"column":4},"end":{"line":245,"column":4}},{"start":{"line":245,"column":4},"end":{"line":245,"column":4}}]},"4":{"line":247,"type":"if","locations":[{"start":{"line":247,"column":4},"end":{"line":247,"column":4}},{"start":{"line":247,"column":4},"end":{"line":247,"column":4}}]},"5":{"line":262,"type":"if","locations":[{"start":{"line":262,"column":4},"end":{"line":262,"column":4}},{"start":{"line":262,"column":4},"end":{"line":262,"column":4}}]},"6":{"line":389,"type":"if","locations":[{"start":{"line":389,"column":4},"end":{"line":389,"column":4}},{"start":{"line":389,"column":4},"end":{"line":389,"column":4}}]},"7":{"line":393,"type":"if","locations":[{"start":{"line":393,"column":4},"end":{"line":393,"column":4}},{"start":{"line":393,"column":4},"end":{"line":393,"column":4}}]},"8":{"line":485,"type":"if","locations":[{"start":{"line":485,"column":4},"end":{"line":485,"column":4}},{"start":{"line":485,"column":4},"end":{"line":485,"column":4}}]}}}}